INFO 2025-10-06 02:17:43,534 apps 5918 139852879593600 âœ… Core signals imported successfully
INFO 2025-10-06 02:21:49,450 apps 5977 140682815320192 âœ… Core signals imported successfully
INFO 2025-10-19 03:07:10,611 apps 4533 140196376715392 âœ… Core signals imported successfully
INFO 2025-10-19 03:12:12,443 apps 4614 140653141282944 âœ… Core signals imported successfully
INFO 2025-10-19 03:17:11,803 apps 4754 140254005629056 âœ… Core signals imported successfully
INFO 2025-10-19 03:19:43,394 apps 4810 140020692050048 âœ… Core signals imported successfully
INFO 2025-10-19 03:20:12,104 apps 4811 140527518146688 âœ… Core signals imported successfully
INFO 2025-10-19 03:20:13,290 autoreload 4811 140527518146688 Watching for file changes with StatReloader
INFO 2025-10-19 03:22:06,386 autoreload 4811 140527518146688 /mnt/e/projects/school/core/models.py changed, reloading.
INFO 2025-10-19 03:22:47,862 apps 4870 139625232429184 âœ… Core signals imported successfully
INFO 2025-10-19 03:22:49,516 autoreload 4870 139625232429184 Watching for file changes with StatReloader
INFO 2025-10-19 03:28:05,007 autoreload 4870 139625232429184 /mnt/e/projects/school/core/models.py changed, reloading.
INFO 2025-10-19 03:28:42,038 autoreload 4993 139929602162816 Watching for file changes with StatReloader
INFO 2025-10-19 03:29:45,112 autoreload 4993 139929602162816 /mnt/e/projects/school/core/models.py changed, reloading.
INFO 2025-10-19 03:30:10,436 autoreload 5048 140559693443200 Watching for file changes with StatReloader
INFO 2025-10-19 03:32:46,008 autoreload 5048 140559693443200 /mnt/e/projects/school/core/models.py changed, reloading.
INFO 2025-10-19 03:34:10,311 apps 5158 140392281301120 âœ… Core signals imported successfully
INFO 2025-10-19 03:39:56,583 apps 5270 140081401729152 âœ… Core signals imported successfully
INFO 2025-10-19 04:05:53,843 apps 5556 140135586869376 âœ… Core signals imported successfully
INFO 2025-10-19 06:25:04,407 apps 5847 140335666135168 âœ… Core signals imported successfully
INFO 2025-10-19 06:34:01,686 autoreload 6100 139785972830336 Watching for file changes with StatReloader
INFO 2025-10-19 06:35:52,539 autoreload 6100 139785972830336 /mnt/e/projects/school/core/models/__init__.py changed, reloading.
INFO 2025-10-19 06:36:19,677 autoreload 6122 139896680226944 Watching for file changes with StatReloader
INFO 2025-10-19 06:50:48,103 apps 6600 139779996029056 âœ… Core signals imported successfully
INFO 2025-10-19 06:51:44,981 apps 6609 139818747347072 âœ… Core signals imported successfully
INFO 2025-10-19 06:56:31,810 apps 6727 140135423053952 âœ… Core signals imported successfully
INFO 2025-10-19 06:57:31,938 apps 6735 139693090001024 âœ… Core signals imported successfully
INFO 2025-10-19 21:45:57,741 apps 7977 139811880489088 âœ… Core signals imported successfully
INFO 2025-10-19 21:50:44,870 apps 8144 139797793886336 âœ… Core signals imported successfully
INFO 2025-10-19 21:54:01,396 apps 8235 140243709907072 âœ… Core signals imported successfully
INFO 2025-10-19 21:56:55,247 apps 8324 139621457797248 âœ… Core signals imported successfully
INFO 2025-10-19 21:58:51,142 apps 8333 140331791261824 âœ… Core signals imported successfully
INFO 2025-10-19 22:12:20,758 apps 8456 140225916801152 âœ… Core signals imported successfully
INFO 2025-10-19 22:12:44,441 apps 8457 140484502786176 âœ… Core signals imported successfully
INFO 2025-10-19 22:12:45,376 autoreload 8457 140484502786176 Watching for file changes with StatReloader
INFO 2025-10-19 22:14:12,298 server 8457 140484432045760 HTTP/2 support not enabled (install the http2 and tls Twisted extras)
INFO 2025-10-19 22:14:12,299 server 8457 140484432045760 Configuring endpoint tcp:port=8000:interface=127.0.0.1
INFO 2025-10-19 22:14:12,533 server 8457 140484432045760 Listening on TCP address 127.0.0.1:8000
WARNING 2025-10-19 22:15:41,394 server 8457 140484432045760 Application instance <Task pending name='Task-1' coro=<ASGIStaticFilesHandler.__call__() running at /mnt/e/projects/school/venv/lib/python3.12/site-packages/django/contrib/staticfiles/handlers.py:101> wait_for=<Task cancelling name='Task-4' coro=<ASGIHandler.handle.<locals>.process_request() running at /mnt/e/projects/school/venv/lib/python3.12/site-packages/django/core/handlers/asgi.py:185> wait_for=<Future pending cb=[_chain_future.<locals>._call_check_cancel() at /usr/lib/python3.12/asyncio/futures.py:387, Task.task_wakeup()]> cb=[Task.task_wakeup()]>> for connection <WebRequest at 0x7fc4f840f7d0 method=GET uri=/admin-dashboard/ clientproto=HTTP/1.1> took too long to shut down and was killed.
INFO 2025-10-19 22:16:15,739 runserver 8457 140484432045760 [32mHTTP GET / 302 [0.38, 127.0.0.1:57688][0m
INFO 2025-10-19 22:16:21,217 runserver 8457 140484432045760 [mHTTP GET /admin-dashboard/ 200 [4.52, 127.0.0.1:57688][0m
INFO 2025-10-19 22:17:01,126 runserver 8457 140484432045760 [mHTTP GET /admin-dashboard/ 200 [1.89, 127.0.0.1:44954][0m
INFO 2025-10-19 22:17:04,603 runserver 8457 140484432045760 [32mHTTP GET / 302 [0.73, 127.0.0.1:44954][0m
INFO 2025-10-19 22:17:06,075 runserver 8457 140484432045760 [mHTTP GET /admin-dashboard/ 200 [1.46, 127.0.0.1:44954][0m
INFO 2025-10-19 22:17:35,863 runserver 8457 140484432045760 [mHTTP GET /students/ 200 [12.83, 127.0.0.1:44954][0m
INFO 2025-10-19 22:17:38,279 runserver 8457 140484432045760 [mHTTP GET /media/students/STUD2025J3001.jpg 200 [1.69, 127.0.0.1:44954][0m
INFO 2025-10-19 22:17:38,981 runserver 8457 140484432045760 [mHTTP GET /media/students/STUD2025J3002.PNG 200 [1.81, 127.0.0.1:33360][0m
INFO 2025-10-19 22:17:38,983 runserver 8457 140484432045760 [mHTTP GET /media/students/STUD2025J2001.jpg 200 [1.81, 127.0.0.1:33344][0m
INFO 2025-10-19 22:17:38,985 runserver 8457 140484432045760 [mHTTP GET /media/students/STUD2025J2002.jpg 200 [2.91, 127.0.0.1:44964][0m
INFO 2025-10-19 22:17:41,304 runserver 8457 140484432045760 [mHTTP GET /media/students/STUD2025J2003.jpg 200 [4.14, 127.0.0.1:33342][0m
INFO 2025-10-19 22:17:41,306 runserver 8457 140484432045760 [mHTTP GET /media/students/STUD2025J2004.jpg 200 [3.91, 127.0.0.1:33374][0m
INFO 2025-10-19 22:17:52,810 runserver 8457 140484432045760 [mHTTP GET /media/students/STUD2025P2002.PNG 200 [0.60, 127.0.0.1:44964][0m
INFO 2025-10-19 22:17:53,157 runserver 8457 140484432045760 [mHTTP GET /media/students/STU0003.PNG 200 [0.31, 127.0.0.1:44954][0m
INFO 2025-10-19 22:17:53,218 runserver 8457 140484432045760 [mHTTP GET /media/students/STU0002.PNG 200 [1.01, 127.0.0.1:33342][0m
INFO 2025-10-19 22:17:53,446 runserver 8457 140484432045760 [mHTTP GET /media/students/STU0004.jpg 200 [0.60, 127.0.0.1:33360][0m
INFO 2025-10-19 22:17:53,447 runserver 8457 140484432045760 [mHTTP GET /media/students/STUD2025P2001.jpg 200 [0.61, 127.0.0.1:33344][0m
INFO 2025-10-19 22:17:54,466 runserver 8457 140484432045760 [mHTTP GET /media/students/STUD2025P2003.jpg 200 [1.63, 127.0.0.1:33374][0m
INFO 2025-10-19 22:18:10,431 runserver 8457 140484432045760 [mHTTP GET /students/add/ 200 [1.91, 127.0.0.1:50056][0m
INFO 2025-10-19 22:21:16,209 runserver 8457 140484432045760 [32mHTTP POST /students/add/ 302 [9.23, 127.0.0.1:57786][0m
INFO 2025-10-19 22:21:16,526 runserver 8457 140484432045760 [mHTTP GET /students/ 200 [0.20, 127.0.0.1:57786][0m
INFO 2025-10-19 22:22:10,517 runserver 8457 140484432045760 [mHTTP GET /students/?class_level=P6 200 [1.13, 127.0.0.1:57786][0m
INFO 2025-10-19 22:22:10,780 runserver 8457 140484432045760 [mHTTP GET /media/students/STUD2025P6003.jpg 200 [0.11, 127.0.0.1:57786][0m
INFO 2025-10-19 22:22:29,934 runserver 8457 140484432045760 [mHTTP GET /students/20/ 200 [1.92, 127.0.0.1:57786][0m
INFO 2025-10-19 22:22:30,556 runserver 8457 140484432045760 [36mHTTP GET /media/students/STUD2025P6003.jpg 304 [0.02, 127.0.0.1:57786][0m
INFO 2025-10-19 22:22:42,180 runserver 8457 140484432045760 [mHTTP GET /students/20/parents/add/ 200 [1.11, 127.0.0.1:57786][0m
INFO 2025-10-19 22:23:58,579 runserver 8457 140484432045760 [32mHTTP POST /students/20/parents/add/ 302 [5.76, 127.0.0.1:58758][0m
INFO 2025-10-19 22:23:59,427 runserver 8457 140484432045760 [mHTTP GET /students/20/ 200 [0.83, 127.0.0.1:58758][0m
INFO 2025-10-19 22:23:59,548 runserver 8457 140484432045760 [36mHTTP GET /media/students/STUD2025P6003.jpg 304 [0.04, 127.0.0.1:58754][0m
INFO 2025-10-19 22:24:27,267 runserver 8457 140484432045760 [32mHTTP GET / 302 [0.73, 127.0.0.1:58754][0m
INFO 2025-10-19 22:24:28,006 runserver 8457 140484432045760 [mHTTP GET /admin-dashboard/ 200 [0.69, 127.0.0.1:58754][0m
INFO 2025-10-19 22:25:05,965 runserver 8457 140484432045760 [mHTTP GET /teachers/ 200 [2.81, 127.0.0.1:58754][0m
INFO 2025-10-19 22:25:14,815 runserver 8457 140484432045760 [mHTTP GET /teachers/add/ 200 [0.85, 127.0.0.1:58754][0m
INFO 2025-10-19 22:25:52,647 runserver 8457 140484432045760 [mHTTP GET /teachers/ 200 [0.27, 127.0.0.1:58754][0m
INFO 2025-10-19 22:25:56,652 runserver 8457 140484432045760 [32mHTTP GET / 302 [1.52, 127.0.0.1:58754][0m
INFO 2025-10-19 22:25:58,807 runserver 8457 140484432045760 [mHTTP GET /admin-dashboard/ 200 [2.15, 127.0.0.1:58754][0m
INFO 2025-10-19 22:26:01,866 runserver 8457 140484432045760 [mHTTP GET /subjects/ 200 [0.42, 127.0.0.1:58754][0m
INFO 2025-10-19 22:26:06,792 runserver 8457 140484432045760 [mHTTP GET /subjects/add/ 200 [0.29, 127.0.0.1:58754][0m
INFO 2025-10-19 22:26:23,754 runserver 8457 140484432045760 [mHTTP GET /attendance/ 200 [0.66, 127.0.0.1:58754][0m
INFO 2025-10-19 22:26:39,925 runserver 8457 140484432045760 [mHTTP GET /attendance/record/?date=2025-10-20&term=3&period=&class_level=P6 200 [0.90, 127.0.0.1:58754][0m
INFO 2025-10-19 22:26:54,262 runserver 8457 140484432045760 [32mHTTP POST /attendance/record/?date=2025-10-20&term=3&period=&class_level=P6 302 [1.67, 127.0.0.1:58754][0m
INFO 2025-10-19 22:26:54,632 runserver 8457 140484432045760 [mHTTP GET /attendance/record/?date=2025-10-20&term=3&class_level=P6 200 [0.36, 127.0.0.1:58754][0m
INFO 2025-10-19 22:27:26,162 runserver 8457 140484432045760 [mHTTP GET /class-assignments/ 200 [0.53, 127.0.0.1:58754][0m
INFO 2025-10-19 22:27:39,073 runserver 8457 140484432045760 [mHTTP GET /grades/ 200 [0.60, 127.0.0.1:58754][0m
INFO 2025-10-19 22:27:49,883 runserver 8457 140484432045760 [mHTTP GET /grades/?student=&subject=&class_level=&academic_year=&term=3 200 [0.21, 127.0.0.1:58754][0m
INFO 2025-10-19 22:28:07,676 runserver 8457 140484432045760 [mHTTP GET /grades/?student=&subject=&class_level=P6&academic_year=&term=3 200 [0.58, 127.0.0.1:58754][0m
INFO 2025-10-19 22:28:12,978 runserver 8457 140484432045760 [mHTTP GET /grades/?student=&subject=&class_level=P5&academic_year=&term=3 200 [0.16, 127.0.0.1:58754][0m
INFO 2025-10-19 22:28:22,948 runserver 8457 140484432045760 [mHTTP GET /report-cards/ 200 [1.10, 127.0.0.1:56790][0m
INFO 2025-10-19 22:28:43,014 runserver 8457 140484432045760 [mHTTP GET /analytics/ 200 [3.83, 127.0.0.1:56790][0m
INFO 2025-10-19 22:29:12,392 runserver 8457 140484432045760 [mHTTP GET /grades/add/ 200 [-1.00, 127.0.0.1:56790][0m
INFO 2025-10-19 22:29:36,941 runserver 8457 140484432045760 [mHTTP GET /parent-directory/ 200 [0.23, 127.0.0.1:56790][0m
INFO 2025-10-19 22:29:56,241 runserver 8457 140484432045760 [mHTTP GET /bulk-parent-message/ 200 [0.66, 127.0.0.1:56790][0m
INFO 2025-10-19 22:30:47,753 runserver 8457 140484432045760 [32mHTTP POST /bulk-parent-message/ 302 [4.26, 127.0.0.1:56790][0m
INFO 2025-10-19 22:30:48,872 runserver 8457 140484432045760 [mHTTP GET /parent-communication-log/ 200 [1.11, 127.0.0.1:56790][0m
INFO 2025-10-19 22:31:15,320 runserver 8457 140484432045760 [mHTTP GET /bulk-parent-message/ 200 [0.16, 127.0.0.1:56790][0m
INFO 2025-10-19 22:31:21,706 runserver 8457 140484432045760 [mHTTP GET /parent-communication-log/ 200 [0.48, 127.0.0.1:56790][0m
INFO 2025-10-19 22:31:29,480 runserver 8457 140484432045760 [mHTTP GET /parent-engagement-dashboard/ 200 [0.64, 127.0.0.1:56790][0m
INFO 2025-10-19 22:32:09,002 runserver 8457 140484432045760 [32mHTTP GET /accounts/signout/ 302 [0.08, 127.0.0.1:56790][0m
INFO 2025-10-19 22:32:09,139 runserver 8457 140484432045760 [mHTTP GET / 200 [0.13, 127.0.0.1:56790][0m
INFO 2025-10-19 22:32:11,714 runserver 8457 140484432045760 [mHTTP GET /accounts/signin/ 200 [0.19, 127.0.0.1:56790][0m
INFO 2025-10-19 22:32:16,396 runserver 8457 140484432045760 [mHTTP POST /accounts/signin/ 200 [1.75, 127.0.0.1:56790][0m
INFO 2025-10-19 22:32:32,031 runserver 8457 140484432045760 [32mHTTP POST /accounts/signin/ 302 [1.91, 127.0.0.1:56790][0m
INFO 2025-10-19 22:32:32,217 runserver 8457 140484432045760 [32mHTTP GET / 302 [0.17, 127.0.0.1:56790][0m
INFO 2025-10-19 22:32:33,384 runserver 8457 140484432045760 [mHTTP GET /parent/dashboard/ 200 [1.16, 127.0.0.1:56790][0m
INFO 2025-10-19 22:32:52,681 runserver 8457 140484432045760 [mHTTP GET /notifications/ 200 [2.19, 127.0.0.1:56790][0m
INFO 2025-10-19 22:33:20,760 runserver 8457 140484432045760 [mHTTP POST /notifications/ 200 [0.07, 127.0.0.1:56790][0m
INFO 2025-10-19 22:33:32,154 runserver 8457 140484432045760 [mHTTP GET /parent/dashboard/ 200 [0.26, 127.0.0.1:56790][0m
INFO 2025-10-19 22:33:40,162 runserver 8457 140484432045760 [mHTTP GET /parent/children/ 200 [0.20, 127.0.0.1:56790][0m
INFO 2025-10-19 22:33:45,850 runserver 8457 140484432045760 [mHTTP GET /parent/dashboard/ 200 [0.25, 127.0.0.1:56790][0m
INFO 2025-10-19 22:33:55,206 runserver 8457 140484432045760 [32mHTTP GET /accounts/signout/ 302 [0.27, 127.0.0.1:56790][0m
INFO 2025-10-19 22:33:55,370 runserver 8457 140484432045760 [mHTTP GET / 200 [0.15, 127.0.0.1:56790][0m
INFO 2025-10-19 22:33:58,006 runserver 8457 140484432045760 [mHTTP GET /accounts/signin/ 200 [0.01, 127.0.0.1:56790][0m
INFO 2025-10-19 22:34:09,813 runserver 8457 140484432045760 [32mHTTP POST /accounts/signin/ 302 [3.24, 127.0.0.1:56790][0m
INFO 2025-10-19 22:34:10,080 runserver 8457 140484432045760 [32mHTTP GET / 302 [0.25, 127.0.0.1:56790][0m
INFO 2025-10-19 22:34:11,111 runserver 8457 140484432045760 [mHTTP GET /parent/dashboard/ 200 [1.02, 127.0.0.1:56790][0m
INFO 2025-10-19 22:34:24,388 runserver 8457 140484432045760 [mHTTP GET /notifications/ 200 [-0.42, 127.0.0.1:56790][0m
INFO 2025-10-19 22:34:35,630 runserver 8457 140484432045760 [mHTTP POST /notifications/ 200 [0.10, 127.0.0.1:56790][0m
INFO 2025-10-19 22:34:44,657 runserver 8457 140484432045760 [mHTTP GET /parent/dashboard/ 200 [0.50, 127.0.0.1:56790][0m
INFO 2025-10-19 22:34:53,660 runserver 8457 140484432045760 [mHTTP GET /parent/children/ 200 [0.09, 127.0.0.1:56790][0m
INFO 2025-10-19 22:35:05,609 runserver 8457 140484432045760 [mHTTP GET /parent/child/17/ 200 [0.40, 127.0.0.1:56790][0m
INFO 2025-10-19 22:35:38,941 runserver 8457 140484432045760 [mHTTP GET /parent/report-cards/17/ 200 [0.40, 127.0.0.1:56790][0m
INFO 2025-10-19 22:35:52,162 runserver 8457 140484432045760 [mHTTP GET /parent/attendance/?student=17 200 [0.24, 127.0.0.1:56790][0m
INFO 2025-10-19 22:36:16,145 runserver 8457 140484432045760 [mHTTP GET /parent/dashboard/ 200 [1.46, 127.0.0.1:56790][0m
INFO 2025-10-19 22:36:18,939 runserver 8457 140484432045760 [mHTTP GET /parent/report-cards/ 200 [0.22, 127.0.0.1:56790][0m
INFO 2025-10-19 22:36:24,085 runserver 8457 140484432045760 [mHTTP GET /parent/attendance/ 200 [0.39, 127.0.0.1:56790][0m
INFO 2025-10-19 22:36:26,172 runserver 8457 140484432045760 [mHTTP GET /parent/fees/ 200 [0.17, 127.0.0.1:56790][0m
INFO 2025-10-19 22:36:54,318 runserver 8457 140484432045760 [mHTTP GET /parent/children/ 200 [0.21, 127.0.0.1:56790][0m
INFO 2025-10-19 22:37:04,276 runserver 8457 140484432045760 [mHTTP GET /parent/attendance/ 200 [1.11, 127.0.0.1:56790][0m
INFO 2025-10-19 22:37:13,804 runserver 8457 140484432045760 [32mHTTP GET /accounts/signout/ 302 [0.11, 127.0.0.1:56790][0m
INFO 2025-10-19 22:37:13,984 runserver 8457 140484432045760 [mHTTP GET / 200 [0.17, 127.0.0.1:56790][0m
INFO 2025-10-19 22:37:20,931 runserver 8457 140484432045760 [mHTTP GET /accounts/signin/ 200 [0.02, 127.0.0.1:56790][0m
INFO 2025-10-19 22:37:29,451 runserver 8457 140484432045760 [32mHTTP POST /accounts/signin/ 302 [3.35, 127.0.0.1:56790][0m
INFO 2025-10-19 22:37:29,547 runserver 8457 140484432045760 [32mHTTP GET / 302 [0.08, 127.0.0.1:56790][0m
INFO 2025-10-19 22:37:30,758 runserver 8457 140484432045760 [mHTTP GET /student-dashboard/ 200 [1.14, 127.0.0.1:56790][0m
INFO 2025-10-19 22:38:32,219 runserver 8457 140484432045760 [mHTTP GET /student-dashboard/ 200 [0.65, 127.0.0.1:50566][0m
INFO 2025-10-19 22:38:56,504 runserver 8457 140484432045760 [mHTTP GET /assignments/ 200 [1.04, 127.0.0.1:50566][0m
INFO 2025-10-19 22:39:02,446 runserver 8457 140484432045760 [mHTTP GET /assignments/calendar/ 200 [0.11, 127.0.0.1:50566][0m
INFO 2025-10-19 22:39:02,869 runserver 8457 140484432045760 [mHTTP GET /assignments/calendar/events/?start=2025-09-28T00:00:00-07:00&end=2025-11-09T00:00:00-08:00 200 [0.18, 127.0.0.1:50566][0m
INFO 2025-10-19 22:39:23,514 runserver 8457 140484432045760 [mHTTP GET /assignments/13/ 200 [0.38, 127.0.0.1:50566][0m
INFO 2025-10-19 22:39:36,205 runserver 8457 140484432045760 [mHTTP GET /report-card/17/ 200 [0.21, 127.0.0.1:50566][0m
WARNING 2025-10-19 22:39:36,485 runserver 8457 140484432045760 [33mHTTP GET /static/img/school-logo.png 404 [0.17, 127.0.0.1:50566][0m
INFO 2025-10-19 22:41:26,185 runserver 8457 140484432045760 [mHTTP GET /student/grades/ 200 [0.23, 127.0.0.1:43574][0m
INFO 2025-10-19 22:41:41,691 runserver 8457 140484432045760 [mHTTP GET /student/attendance/ 200 [0.29, 127.0.0.1:43574][0m
INFO 2025-10-19 22:41:51,989 runserver 8457 140484432045760 [mHTTP GET /student/fees/ 200 [0.12, 127.0.0.1:43574][0m
INFO 2025-10-19 22:43:41,431 runserver 8457 140484432045760 [mHTTP GET /student-dashboard/ 200 [0.43, 127.0.0.1:60896][0m
INFO 2025-10-19 22:43:45,434 runserver 8457 140484432045760 [32mHTTP GET /accounts/signout/ 302 [0.02, 127.0.0.1:60896][0m
INFO 2025-10-19 22:43:45,554 runserver 8457 140484432045760 [mHTTP GET / 200 [0.11, 127.0.0.1:60896][0m
INFO 2025-10-19 22:43:47,180 runserver 8457 140484432045760 [mHTTP GET /accounts/signin/ 200 [0.01, 127.0.0.1:60896][0m
INFO 2025-10-19 22:43:56,707 runserver 8457 140484432045760 [32mHTTP POST /accounts/signin/ 302 [4.23, 127.0.0.1:60896][0m
INFO 2025-10-19 22:43:56,837 runserver 8457 140484432045760 [32mHTTP GET / 302 [0.12, 127.0.0.1:60896][0m
INFO 2025-10-19 22:43:57,263 runserver 8457 140484432045760 [mHTTP GET /admin-dashboard/ 200 [0.33, 127.0.0.1:60896][0m
INFO 2025-10-19 22:44:08,784 runserver 8457 140484432045760 [mHTTP GET /students/ 200 [0.16, 127.0.0.1:60896][0m
INFO 2025-10-19 22:44:10,232 runserver 8457 140484432045760 [36mHTTP GET /media/students/STUD2025P6003.jpg 304 [0.02, 127.0.0.1:60896][0m
INFO 2025-10-19 22:44:46,443 runserver 8457 140484432045760 [mHTTP GET /analytics/ 200 [0.10, 127.0.0.1:60896][0m
INFO 2025-10-19 22:44:52,050 runserver 8457 140484432045760 [32mHTTP GET / 302 [0.03, 127.0.0.1:60896][0m
INFO 2025-10-19 22:44:52,271 runserver 8457 140484432045760 [mHTTP GET /admin-dashboard/ 200 [0.21, 127.0.0.1:60896][0m
INFO 2025-10-19 22:45:00,343 runserver 8457 140484432045760 [mHTTP GET /teachers/ 200 [0.14, 127.0.0.1:60896][0m
INFO 2025-10-19 22:45:06,752 runserver 8457 140484432045760 [mHTTP GET /teachers/add/ 200 [0.07, 127.0.0.1:60896][0m
INFO 2025-10-19 22:45:20,422 runserver 8457 140484432045760 [mHTTP GET /teachers/ 200 [-2.34, 127.0.0.1:60896][0m
INFO 2025-10-19 22:45:27,006 runserver 8457 140484432045760 [mHTTP GET /teacher-dashboard/ 200 [0.34, 127.0.0.1:60896][0m
INFO 2025-10-19 22:45:34,811 runserver 8457 140484432045760 [32mHTTP GET / 302 [0.12, 127.0.0.1:60896][0m
INFO 2025-10-19 22:45:35,138 runserver 8457 140484432045760 [mHTTP GET /admin-dashboard/ 200 [0.32, 127.0.0.1:60896][0m
INFO 2025-10-19 22:45:54,920 runserver 8457 140484432045760 [mHTTP GET /teacher-dashboard/ 200 [0.20, 127.0.0.1:60896][0m
INFO 2025-10-19 22:46:18,604 runserver 8457 140484432045760 [mHTTP GET /assignments/ 200 [1.18, 127.0.0.1:60896][0m
INFO 2025-10-19 22:46:25,314 runserver 8457 140484432045760 [mHTTP GET /assignments/create/ 200 [0.92, 127.0.0.1:60896][0m
INFO 2025-10-19 22:49:32,426 signals 8457 140483926906560 Processing new assignment: TWI HOMEWORK
INFO 2025-10-19 22:49:32,957 signals 8457 140483926906560 Created analytics for assignment: TWI HOMEWORK
INFO 2025-10-19 22:49:34,107 signals 8457 140483926906560 Created 3 student assignments for TWI HOMEWORK
INFO 2025-10-19 22:49:34,123 models 8457 140483926906560 No new student assignments needed for assignment 16
INFO 2025-10-19 22:49:34,132 runserver 8457 140484432045760 [32mHTTP POST /assignments/create/ 302 [2.53, 127.0.0.1:41466][0m
INFO 2025-10-19 22:49:35,011 runserver 8457 140484432045760 [mHTTP GET /assignments/16/ 200 [0.87, 127.0.0.1:41466][0m
INFO 2025-10-19 22:49:35,148 runserver 8457 140484432045760 [36mHTTP GET /media/students/STUD2025P6003.jpg 304 [0.03, 127.0.0.1:41466][0m
INFO 2025-10-19 22:49:35,779 runserver 8457 140484432045760 [mHTTP GET /assignments/grade/31/ 200 [0.21, 127.0.0.1:41464][0m
INFO 2025-10-19 22:49:35,840 runserver 8457 140484432045760 [mHTTP GET /assignments/grade/student-assignment/31/ 200 [0.27, 127.0.0.1:41466][0m
INFO 2025-10-19 22:50:00,435 runserver 8457 140484432045760 [mHTTP GET /subjects/ 200 [0.16, 127.0.0.1:57050][0m
INFO 2025-10-19 22:50:06,247 runserver 8457 140484432045760 [mHTTP GET /subjects/add/ 200 [0.39, 127.0.0.1:57050][0m
INFO 2025-10-19 22:50:14,097 runserver 8457 140484432045760 [mHTTP GET /teacher-dashboard/ 200 [0.50, 127.0.0.1:57050][0m
INFO 2025-10-19 22:50:49,544 runserver 8457 140484432045760 [32mHTTP GET /accounts/signout/ 302 [0.09, 127.0.0.1:57050][0m
INFO 2025-10-19 22:50:49,608 runserver 8457 140484432045760 [mHTTP GET / 200 [0.05, 127.0.0.1:57050][0m
INFO 2025-10-19 22:50:50,829 runserver 8457 140484432045760 [mHTTP GET /accounts/signin/ 200 [0.01, 127.0.0.1:57050][0m
INFO 2025-10-19 22:51:02,458 runserver 8457 140484432045760 [32mHTTP POST /accounts/signin/ 302 [3.01, 127.0.0.1:57050][0m
INFO 2025-10-19 22:51:02,542 runserver 8457 140484432045760 [32mHTTP GET / 302 [0.07, 127.0.0.1:57050][0m
INFO 2025-10-19 22:51:02,859 runserver 8457 140484432045760 [mHTTP GET /admin-dashboard/ 200 [0.31, 127.0.0.1:57050][0m
INFO 2025-10-19 22:51:15,978 runserver 8457 140484432045760 [mHTTP GET /audit-logs/ 200 [0.20, 127.0.0.1:57050][0m
INFO 2025-10-21 12:12:49,825 apps 486 140363165773952 âœ… Core signals imported successfully
INFO 2025-10-21 12:13:37,472 apps 514 139749774565504 âœ… Core signals imported successfully
INFO 2025-10-21 12:13:39,610 autoreload 514 139749774565504 Watching for file changes with StatReloader
INFO 2025-10-21 12:14:45,145 server 514 139749704873664 HTTP/2 support not enabled (install the http2 and tls Twisted extras)
INFO 2025-10-21 12:14:45,147 server 514 139749704873664 Configuring endpoint tcp:port=8000:interface=127.0.0.1
INFO 2025-10-21 12:14:45,149 server 514 139749704873664 Listening on TCP address 127.0.0.1:8000
INFO 2025-10-21 12:16:47,347 runserver 514 139749704873664 [32mHTTP GET / 302 [5.30, 127.0.0.1:59156][0m
INFO 2025-10-21 12:16:49,164 runserver 514 139749704873664 [mHTTP GET /admin-dashboard/ 200 [1.56, 127.0.0.1:59156][0m
WARNING 2025-10-21 12:17:04,804 log 514 139749215925952 Not Found: /favicon.ico
WARNING 2025-10-21 12:17:04,807 runserver 514 139749704873664 [33mHTTP GET /favicon.ico 404 [0.16, 127.0.0.1:59156][0m
INFO 2025-10-21 12:18:20,821 runserver 514 139749704873664 [mHTTP GET /students/ 200 [0.14, 127.0.0.1:52384][0m
INFO 2025-10-21 12:18:22,866 runserver 514 139749704873664 [36mHTTP GET /media/students/STUD2025P6003.jpg 304 [0.03, 127.0.0.1:52384][0m
INFO 2025-10-21 12:18:54,183 runserver 514 139749704873664 [mHTTP GET /admin-dashboard/ 200 [0.08, 127.0.0.1:52384][0m
INFO 2025-10-21 12:28:53,288 runserver 514 139749704873664 [mHTTP GET /students/7/delete/ 200 [0.08, 127.0.0.1:49930][0m
ERROR 2025-10-21 12:29:00,679 log 514 139749215925952 Internal Server Error: /students/7/delete/
Traceback (most recent call last):
  File "/mnt/e/projects/school/venv/lib/python3.12/site-packages/django/db/backends/utils.py", line 105, in _execute
    return self.cursor.execute(sql, params)
           ^^^^^^^^^^^^^^^^^^^^^^^^^^^^^^^^
  File "/mnt/e/projects/school/venv/lib/python3.12/site-packages/django/db/backends/mysql/base.py", line 76, in execute
    return self.cursor.execute(query, args)
           ^^^^^^^^^^^^^^^^^^^^^^^^^^^^^^^^
  File "/mnt/e/projects/school/venv/lib/python3.12/site-packages/MySQLdb/cursors.py", line 179, in execute
    res = self._query(mogrified_query)
          ^^^^^^^^^^^^^^^^^^^^^^^^^^^^
  File "/mnt/e/projects/school/venv/lib/python3.12/site-packages/MySQLdb/cursors.py", line 330, in _query
    db.query(q)
  File "/mnt/e/projects/school/venv/lib/python3.12/site-packages/MySQLdb/connections.py", line 280, in query
    _mysql.connection.query(self, query)
MySQLdb.OperationalError: (1054, "Unknown column 'core_feediscount.student_id' in 'field list'")

The above exception was the direct cause of the following exception:

Traceback (most recent call last):
  File "/mnt/e/projects/school/venv/lib/python3.12/site-packages/asgiref/sync.py", line 489, in thread_handler
    raise exc_info[1]
  File "/mnt/e/projects/school/venv/lib/python3.12/site-packages/django/core/handlers/exception.py", line 42, in inner
    response = await get_response(request)
               ^^^^^^^^^^^^^^^^^^^^^^^^^^^
  File "/mnt/e/projects/school/venv/lib/python3.12/site-packages/asgiref/sync.py", line 489, in thread_handler
    raise exc_info[1]
  File "/mnt/e/projects/school/venv/lib/python3.12/site-packages/django/core/handlers/base.py", line 253, in _get_response_async
    response = await wrapped_callback(
               ^^^^^^^^^^^^^^^^^^^^^^^
  File "/mnt/e/projects/school/venv/lib/python3.12/site-packages/asgiref/sync.py", line 439, in __call__
    ret = await asyncio.shield(exec_coro)
          ^^^^^^^^^^^^^^^^^^^^^^^^^^^^^^^
  File "/mnt/e/projects/school/venv/lib/python3.12/site-packages/asgiref/current_thread_executor.py", line 40, in run
    result = self.fn(*self.args, **self.kwargs)
             ^^^^^^^^^^^^^^^^^^^^^^^^^^^^^^^^^^
  File "/mnt/e/projects/school/venv/lib/python3.12/site-packages/asgiref/sync.py", line 493, in thread_handler
    return func(*args, **kwargs)
           ^^^^^^^^^^^^^^^^^^^^^
  File "/mnt/e/projects/school/venv/lib/python3.12/site-packages/django/views/generic/base.py", line 105, in view
    return self.dispatch(request, *args, **kwargs)
           ^^^^^^^^^^^^^^^^^^^^^^^^^^^^^^^^^^^^^^^
  File "/mnt/e/projects/school/venv/lib/python3.12/site-packages/django/contrib/auth/mixins.py", line 73, in dispatch
    return super().dispatch(request, *args, **kwargs)
           ^^^^^^^^^^^^^^^^^^^^^^^^^^^^^^^^^^^^^^^^^^
  File "/mnt/e/projects/school/venv/lib/python3.12/site-packages/django/contrib/auth/mixins.py", line 135, in dispatch
    return super().dispatch(request, *args, **kwargs)
           ^^^^^^^^^^^^^^^^^^^^^^^^^^^^^^^^^^^^^^^^^^
  File "/mnt/e/projects/school/venv/lib/python3.12/site-packages/django/views/generic/base.py", line 144, in dispatch
    return handler(request, *args, **kwargs)
           ^^^^^^^^^^^^^^^^^^^^^^^^^^^^^^^^^
  File "/mnt/e/projects/school/venv/lib/python3.12/site-packages/django/views/generic/edit.py", line 258, in post
    return self.form_valid(form)
           ^^^^^^^^^^^^^^^^^^^^^
  File "/mnt/e/projects/school/venv/lib/python3.12/site-packages/django/views/generic/edit.py", line 264, in form_valid
    self.object.delete()
  File "/mnt/e/projects/school/venv/lib/python3.12/site-packages/django/db/models/base.py", line 1280, in delete
    collector.collect([self], keep_parents=keep_parents)
  File "/mnt/e/projects/school/venv/lib/python3.12/site-packages/django/db/models/deletion.py", line 343, in collect
    if getattr(on_delete, "lazy_sub_objs", False) or sub_objs:
                                                     ^^^^^^^^
  File "/mnt/e/projects/school/venv/lib/python3.12/site-packages/django/db/models/query.py", line 398, in __bool__
    self._fetch_all()
  File "/mnt/e/projects/school/venv/lib/python3.12/site-packages/django/db/models/query.py", line 1949, in _fetch_all
    self._result_cache = list(self._iterable_class(self))
                         ^^^^^^^^^^^^^^^^^^^^^^^^^^^^^^^^
  File "/mnt/e/projects/school/venv/lib/python3.12/site-packages/django/db/models/query.py", line 91, in __iter__
    results = compiler.execute_sql(
              ^^^^^^^^^^^^^^^^^^^^^
  File "/mnt/e/projects/school/venv/lib/python3.12/site-packages/django/db/models/sql/compiler.py", line 1623, in execute_sql
    cursor.execute(sql, params)
  File "/mnt/e/projects/school/venv/lib/python3.12/site-packages/django/db/backends/utils.py", line 122, in execute
    return super().execute(sql, params)
           ^^^^^^^^^^^^^^^^^^^^^^^^^^^^
  File "/mnt/e/projects/school/venv/lib/python3.12/site-packages/django/db/backends/utils.py", line 79, in execute
    return self._execute_with_wrappers(
           ^^^^^^^^^^^^^^^^^^^^^^^^^^^^
  File "/mnt/e/projects/school/venv/lib/python3.12/site-packages/django/db/backends/utils.py", line 92, in _execute_with_wrappers
    return executor(sql, params, many, context)
           ^^^^^^^^^^^^^^^^^^^^^^^^^^^^^^^^^^^^
  File "/mnt/e/projects/school/venv/lib/python3.12/site-packages/django/db/backends/utils.py", line 100, in _execute
    with self.db.wrap_database_errors:
  File "/mnt/e/projects/school/venv/lib/python3.12/site-packages/django/db/utils.py", line 91, in __exit__
    raise dj_exc_value.with_traceback(traceback) from exc_value
  File "/mnt/e/projects/school/venv/lib/python3.12/site-packages/django/db/backends/utils.py", line 105, in _execute
    return self.cursor.execute(sql, params)
           ^^^^^^^^^^^^^^^^^^^^^^^^^^^^^^^^
  File "/mnt/e/projects/school/venv/lib/python3.12/site-packages/django/db/backends/mysql/base.py", line 76, in execute
    return self.cursor.execute(query, args)
           ^^^^^^^^^^^^^^^^^^^^^^^^^^^^^^^^
  File "/mnt/e/projects/school/venv/lib/python3.12/site-packages/MySQLdb/cursors.py", line 179, in execute
    res = self._query(mogrified_query)
          ^^^^^^^^^^^^^^^^^^^^^^^^^^^^
  File "/mnt/e/projects/school/venv/lib/python3.12/site-packages/MySQLdb/cursors.py", line 330, in _query
    db.query(q)
  File "/mnt/e/projects/school/venv/lib/python3.12/site-packages/MySQLdb/connections.py", line 280, in query
    _mysql.connection.query(self, query)
django.db.utils.OperationalError: (1054, "Unknown column 'core_feediscount.student_id' in 'field list'")
ERROR 2025-10-21 12:29:01,066 runserver 514 139749704873664 [35;1mHTTP POST /students/7/delete/ 500 [1.04, 127.0.0.1:49930][0m
INFO 2025-10-21 12:42:30,667 apps 1250 140116618301568 âœ… Core signals imported successfully
INFO 2025-10-21 12:54:15,575 apps 1416 140073454346368 âœ… Core signals imported successfully
INFO 2025-10-21 13:00:18,869 apps 1478 140597507641472 âœ… Core signals imported successfully
INFO 2025-10-21 13:01:51,273 apps 1562 139924540227712 âœ… Core signals imported successfully
INFO 2025-10-21 13:03:22,717 apps 1653 140257852027008 âœ… Core signals imported successfully
INFO 2025-10-21 13:03:45,913 apps 1654 139993623429248 âœ… Core signals imported successfully
INFO 2025-10-21 13:03:46,944 autoreload 1654 139993623429248 Watching for file changes with StatReloader
INFO 2025-10-21 13:04:06,479 server 1654 139993552688832 HTTP/2 support not enabled (install the http2 and tls Twisted extras)
INFO 2025-10-21 13:04:06,480 server 1654 139993552688832 Configuring endpoint tcp:port=8000:interface=127.0.0.1
INFO 2025-10-21 13:04:06,510 server 1654 139993552688832 Listening on TCP address 127.0.0.1:8000
INFO 2025-10-21 13:11:18,607 runserver 1654 139993552688832 [mHTTP GET /students/7/delete/ 200 [1.46, 127.0.0.1:40408][0m
ERROR 2025-10-21 13:11:25,003 log 1654 139993065420480 Internal Server Error: /students/7/delete/
Traceback (most recent call last):
  File "/mnt/e/projects/school/venv/lib/python3.12/site-packages/django/db/backends/utils.py", line 105, in _execute
    return self.cursor.execute(sql, params)
           ^^^^^^^^^^^^^^^^^^^^^^^^^^^^^^^^
  File "/mnt/e/projects/school/venv/lib/python3.12/site-packages/django/db/backends/mysql/base.py", line 76, in execute
    return self.cursor.execute(query, args)
           ^^^^^^^^^^^^^^^^^^^^^^^^^^^^^^^^
  File "/mnt/e/projects/school/venv/lib/python3.12/site-packages/MySQLdb/cursors.py", line 179, in execute
    res = self._query(mogrified_query)
          ^^^^^^^^^^^^^^^^^^^^^^^^^^^^
  File "/mnt/e/projects/school/venv/lib/python3.12/site-packages/MySQLdb/cursors.py", line 330, in _query
    db.query(q)
  File "/mnt/e/projects/school/venv/lib/python3.12/site-packages/MySQLdb/connections.py", line 280, in query
    _mysql.connection.query(self, query)
MySQLdb.OperationalError: (1054, "Unknown column 'core_feediscount.student_id' in 'field list'")

The above exception was the direct cause of the following exception:

Traceback (most recent call last):
  File "/mnt/e/projects/school/venv/lib/python3.12/site-packages/asgiref/sync.py", line 489, in thread_handler
    raise exc_info[1]
  File "/mnt/e/projects/school/venv/lib/python3.12/site-packages/django/core/handlers/exception.py", line 42, in inner
    response = await get_response(request)
               ^^^^^^^^^^^^^^^^^^^^^^^^^^^
  File "/mnt/e/projects/school/venv/lib/python3.12/site-packages/asgiref/sync.py", line 489, in thread_handler
    raise exc_info[1]
  File "/mnt/e/projects/school/venv/lib/python3.12/site-packages/django/core/handlers/base.py", line 253, in _get_response_async
    response = await wrapped_callback(
               ^^^^^^^^^^^^^^^^^^^^^^^
  File "/mnt/e/projects/school/venv/lib/python3.12/site-packages/asgiref/sync.py", line 439, in __call__
    ret = await asyncio.shield(exec_coro)
          ^^^^^^^^^^^^^^^^^^^^^^^^^^^^^^^
  File "/mnt/e/projects/school/venv/lib/python3.12/site-packages/asgiref/current_thread_executor.py", line 40, in run
    result = self.fn(*self.args, **self.kwargs)
             ^^^^^^^^^^^^^^^^^^^^^^^^^^^^^^^^^^
  File "/mnt/e/projects/school/venv/lib/python3.12/site-packages/asgiref/sync.py", line 493, in thread_handler
    return func(*args, **kwargs)
           ^^^^^^^^^^^^^^^^^^^^^
  File "/mnt/e/projects/school/venv/lib/python3.12/site-packages/django/views/generic/base.py", line 105, in view
    return self.dispatch(request, *args, **kwargs)
           ^^^^^^^^^^^^^^^^^^^^^^^^^^^^^^^^^^^^^^^
  File "/mnt/e/projects/school/venv/lib/python3.12/site-packages/django/contrib/auth/mixins.py", line 73, in dispatch
    return super().dispatch(request, *args, **kwargs)
           ^^^^^^^^^^^^^^^^^^^^^^^^^^^^^^^^^^^^^^^^^^
  File "/mnt/e/projects/school/venv/lib/python3.12/site-packages/django/contrib/auth/mixins.py", line 135, in dispatch
    return super().dispatch(request, *args, **kwargs)
           ^^^^^^^^^^^^^^^^^^^^^^^^^^^^^^^^^^^^^^^^^^
  File "/mnt/e/projects/school/venv/lib/python3.12/site-packages/django/views/generic/base.py", line 144, in dispatch
    return handler(request, *args, **kwargs)
           ^^^^^^^^^^^^^^^^^^^^^^^^^^^^^^^^^
  File "/mnt/e/projects/school/venv/lib/python3.12/site-packages/django/views/generic/edit.py", line 258, in post
    return self.form_valid(form)
           ^^^^^^^^^^^^^^^^^^^^^
  File "/mnt/e/projects/school/venv/lib/python3.12/site-packages/django/views/generic/edit.py", line 264, in form_valid
    self.object.delete()
  File "/mnt/e/projects/school/venv/lib/python3.12/site-packages/django/db/models/base.py", line 1280, in delete
    collector.collect([self], keep_parents=keep_parents)
  File "/mnt/e/projects/school/venv/lib/python3.12/site-packages/django/db/models/deletion.py", line 343, in collect
    if getattr(on_delete, "lazy_sub_objs", False) or sub_objs:
                                                     ^^^^^^^^
  File "/mnt/e/projects/school/venv/lib/python3.12/site-packages/django/db/models/query.py", line 398, in __bool__
    self._fetch_all()
  File "/mnt/e/projects/school/venv/lib/python3.12/site-packages/django/db/models/query.py", line 1949, in _fetch_all
    self._result_cache = list(self._iterable_class(self))
                         ^^^^^^^^^^^^^^^^^^^^^^^^^^^^^^^^
  File "/mnt/e/projects/school/venv/lib/python3.12/site-packages/django/db/models/query.py", line 91, in __iter__
    results = compiler.execute_sql(
              ^^^^^^^^^^^^^^^^^^^^^
  File "/mnt/e/projects/school/venv/lib/python3.12/site-packages/django/db/models/sql/compiler.py", line 1623, in execute_sql
    cursor.execute(sql, params)
  File "/mnt/e/projects/school/venv/lib/python3.12/site-packages/django/db/backends/utils.py", line 122, in execute
    return super().execute(sql, params)
           ^^^^^^^^^^^^^^^^^^^^^^^^^^^^
  File "/mnt/e/projects/school/venv/lib/python3.12/site-packages/django/db/backends/utils.py", line 79, in execute
    return self._execute_with_wrappers(
           ^^^^^^^^^^^^^^^^^^^^^^^^^^^^
  File "/mnt/e/projects/school/venv/lib/python3.12/site-packages/django/db/backends/utils.py", line 92, in _execute_with_wrappers
    return executor(sql, params, many, context)
           ^^^^^^^^^^^^^^^^^^^^^^^^^^^^^^^^^^^^
  File "/mnt/e/projects/school/venv/lib/python3.12/site-packages/django/db/backends/utils.py", line 100, in _execute
    with self.db.wrap_database_errors:
  File "/mnt/e/projects/school/venv/lib/python3.12/site-packages/django/db/utils.py", line 91, in __exit__
    raise dj_exc_value.with_traceback(traceback) from exc_value
  File "/mnt/e/projects/school/venv/lib/python3.12/site-packages/django/db/backends/utils.py", line 105, in _execute
    return self.cursor.execute(sql, params)
           ^^^^^^^^^^^^^^^^^^^^^^^^^^^^^^^^
  File "/mnt/e/projects/school/venv/lib/python3.12/site-packages/django/db/backends/mysql/base.py", line 76, in execute
    return self.cursor.execute(query, args)
           ^^^^^^^^^^^^^^^^^^^^^^^^^^^^^^^^
  File "/mnt/e/projects/school/venv/lib/python3.12/site-packages/MySQLdb/cursors.py", line 179, in execute
    res = self._query(mogrified_query)
          ^^^^^^^^^^^^^^^^^^^^^^^^^^^^
  File "/mnt/e/projects/school/venv/lib/python3.12/site-packages/MySQLdb/cursors.py", line 330, in _query
    db.query(q)
  File "/mnt/e/projects/school/venv/lib/python3.12/site-packages/MySQLdb/connections.py", line 280, in query
    _mysql.connection.query(self, query)
django.db.utils.OperationalError: (1054, "Unknown column 'core_feediscount.student_id' in 'field list'")
ERROR 2025-10-21 13:11:25,306 runserver 1654 139993552688832 [35;1mHTTP POST /students/7/delete/ 500 [1.38, 127.0.0.1:40408][0m
INFO 2025-10-21 13:14:42,357 autoreload 1654 139993623429248 /mnt/e/projects/school/core/views/student_views.py changed, reloading.
INFO 2025-10-21 13:15:31,147 apps 1753 140591108161664 âœ… Core signals imported successfully
INFO 2025-10-21 13:15:32,399 autoreload 1753 140591108161664 Watching for file changes with StatReloader
INFO 2025-10-21 13:16:12,563 server 1753 140591037421248 HTTP/2 support not enabled (install the http2 and tls Twisted extras)
INFO 2025-10-21 13:16:12,564 server 1753 140591037421248 Configuring endpoint tcp:port=8000:interface=127.0.0.1
INFO 2025-10-21 13:16:12,567 server 1753 140591037421248 Listening on TCP address 127.0.0.1:8000
INFO 2025-10-21 13:17:07,069 runserver 1753 140591037421248 [mHTTP GET /students/7/delete/ 200 [1.16, 127.0.0.1:48992][0m
ERROR 2025-10-21 13:17:10,250 log 1753 140590551279296 Internal Server Error: /students/7/delete/
Traceback (most recent call last):
  File "/mnt/e/projects/school/venv/lib/python3.12/site-packages/django/db/backends/utils.py", line 105, in _execute
    return self.cursor.execute(sql, params)
           ^^^^^^^^^^^^^^^^^^^^^^^^^^^^^^^^
  File "/mnt/e/projects/school/venv/lib/python3.12/site-packages/django/db/backends/mysql/base.py", line 76, in execute
    return self.cursor.execute(query, args)
           ^^^^^^^^^^^^^^^^^^^^^^^^^^^^^^^^
  File "/mnt/e/projects/school/venv/lib/python3.12/site-packages/MySQLdb/cursors.py", line 179, in execute
    res = self._query(mogrified_query)
          ^^^^^^^^^^^^^^^^^^^^^^^^^^^^
  File "/mnt/e/projects/school/venv/lib/python3.12/site-packages/MySQLdb/cursors.py", line 330, in _query
    db.query(q)
  File "/mnt/e/projects/school/venv/lib/python3.12/site-packages/MySQLdb/connections.py", line 280, in query
    _mysql.connection.query(self, query)
MySQLdb.OperationalError: (1054, "Unknown column 'core_feediscount.student_id' in 'field list'")

The above exception was the direct cause of the following exception:

Traceback (most recent call last):
  File "/mnt/e/projects/school/venv/lib/python3.12/site-packages/asgiref/sync.py", line 489, in thread_handler
    raise exc_info[1]
  File "/mnt/e/projects/school/venv/lib/python3.12/site-packages/django/core/handlers/exception.py", line 42, in inner
    response = await get_response(request)
               ^^^^^^^^^^^^^^^^^^^^^^^^^^^
  File "/mnt/e/projects/school/venv/lib/python3.12/site-packages/asgiref/sync.py", line 489, in thread_handler
    raise exc_info[1]
  File "/mnt/e/projects/school/venv/lib/python3.12/site-packages/django/core/handlers/base.py", line 253, in _get_response_async
    response = await wrapped_callback(
               ^^^^^^^^^^^^^^^^^^^^^^^
  File "/mnt/e/projects/school/venv/lib/python3.12/site-packages/asgiref/sync.py", line 439, in __call__
    ret = await asyncio.shield(exec_coro)
          ^^^^^^^^^^^^^^^^^^^^^^^^^^^^^^^
  File "/mnt/e/projects/school/venv/lib/python3.12/site-packages/asgiref/current_thread_executor.py", line 40, in run
    result = self.fn(*self.args, **self.kwargs)
             ^^^^^^^^^^^^^^^^^^^^^^^^^^^^^^^^^^
  File "/mnt/e/projects/school/venv/lib/python3.12/site-packages/asgiref/sync.py", line 493, in thread_handler
    return func(*args, **kwargs)
           ^^^^^^^^^^^^^^^^^^^^^
  File "/mnt/e/projects/school/venv/lib/python3.12/site-packages/django/views/generic/base.py", line 105, in view
    return self.dispatch(request, *args, **kwargs)
           ^^^^^^^^^^^^^^^^^^^^^^^^^^^^^^^^^^^^^^^
  File "/mnt/e/projects/school/venv/lib/python3.12/site-packages/django/contrib/auth/mixins.py", line 73, in dispatch
    return super().dispatch(request, *args, **kwargs)
           ^^^^^^^^^^^^^^^^^^^^^^^^^^^^^^^^^^^^^^^^^^
  File "/mnt/e/projects/school/venv/lib/python3.12/site-packages/django/contrib/auth/mixins.py", line 135, in dispatch
    return super().dispatch(request, *args, **kwargs)
           ^^^^^^^^^^^^^^^^^^^^^^^^^^^^^^^^^^^^^^^^^^
  File "/mnt/e/projects/school/venv/lib/python3.12/site-packages/django/views/generic/base.py", line 144, in dispatch
    return handler(request, *args, **kwargs)
           ^^^^^^^^^^^^^^^^^^^^^^^^^^^^^^^^^
  File "/mnt/e/projects/school/venv/lib/python3.12/site-packages/django/views/generic/edit.py", line 258, in post
    return self.form_valid(form)
           ^^^^^^^^^^^^^^^^^^^^^
  File "/mnt/e/projects/school/venv/lib/python3.12/site-packages/django/views/generic/edit.py", line 264, in form_valid
    self.object.delete()
  File "/mnt/e/projects/school/venv/lib/python3.12/site-packages/django/db/models/base.py", line 1280, in delete
    collector.collect([self], keep_parents=keep_parents)
  File "/mnt/e/projects/school/venv/lib/python3.12/site-packages/django/db/models/deletion.py", line 343, in collect
    if getattr(on_delete, "lazy_sub_objs", False) or sub_objs:
                                                     ^^^^^^^^
  File "/mnt/e/projects/school/venv/lib/python3.12/site-packages/django/db/models/query.py", line 398, in __bool__
    self._fetch_all()
  File "/mnt/e/projects/school/venv/lib/python3.12/site-packages/django/db/models/query.py", line 1949, in _fetch_all
    self._result_cache = list(self._iterable_class(self))
                         ^^^^^^^^^^^^^^^^^^^^^^^^^^^^^^^^
  File "/mnt/e/projects/school/venv/lib/python3.12/site-packages/django/db/models/query.py", line 91, in __iter__
    results = compiler.execute_sql(
              ^^^^^^^^^^^^^^^^^^^^^
  File "/mnt/e/projects/school/venv/lib/python3.12/site-packages/django/db/models/sql/compiler.py", line 1623, in execute_sql
    cursor.execute(sql, params)
  File "/mnt/e/projects/school/venv/lib/python3.12/site-packages/django/db/backends/utils.py", line 122, in execute
    return super().execute(sql, params)
           ^^^^^^^^^^^^^^^^^^^^^^^^^^^^
  File "/mnt/e/projects/school/venv/lib/python3.12/site-packages/django/db/backends/utils.py", line 79, in execute
    return self._execute_with_wrappers(
           ^^^^^^^^^^^^^^^^^^^^^^^^^^^^
  File "/mnt/e/projects/school/venv/lib/python3.12/site-packages/django/db/backends/utils.py", line 92, in _execute_with_wrappers
    return executor(sql, params, many, context)
           ^^^^^^^^^^^^^^^^^^^^^^^^^^^^^^^^^^^^
  File "/mnt/e/projects/school/venv/lib/python3.12/site-packages/django/db/backends/utils.py", line 100, in _execute
    with self.db.wrap_database_errors:
  File "/mnt/e/projects/school/venv/lib/python3.12/site-packages/django/db/utils.py", line 91, in __exit__
    raise dj_exc_value.with_traceback(traceback) from exc_value
  File "/mnt/e/projects/school/venv/lib/python3.12/site-packages/django/db/backends/utils.py", line 105, in _execute
    return self.cursor.execute(sql, params)
           ^^^^^^^^^^^^^^^^^^^^^^^^^^^^^^^^
  File "/mnt/e/projects/school/venv/lib/python3.12/site-packages/django/db/backends/mysql/base.py", line 76, in execute
    return self.cursor.execute(query, args)
           ^^^^^^^^^^^^^^^^^^^^^^^^^^^^^^^^
  File "/mnt/e/projects/school/venv/lib/python3.12/site-packages/MySQLdb/cursors.py", line 179, in execute
    res = self._query(mogrified_query)
          ^^^^^^^^^^^^^^^^^^^^^^^^^^^^
  File "/mnt/e/projects/school/venv/lib/python3.12/site-packages/MySQLdb/cursors.py", line 330, in _query
    db.query(q)
  File "/mnt/e/projects/school/venv/lib/python3.12/site-packages/MySQLdb/connections.py", line 280, in query
    _mysql.connection.query(self, query)
django.db.utils.OperationalError: (1054, "Unknown column 'core_feediscount.student_id' in 'field list'")
ERROR 2025-10-21 13:17:10,524 runserver 1753 140591037421248 [35;1mHTTP POST /students/7/delete/ 500 [0.76, 127.0.0.1:48992][0m
INFO 2025-10-21 13:22:31,802 autoreload 1753 140591108161664 /mnt/e/projects/school/core/views/student_views.py changed, reloading.
INFO 2025-10-21 13:23:35,425 apps 1917 140450024108160 âœ… Core signals imported successfully
INFO 2025-10-21 13:24:50,556 apps 1946 139662738178176 âœ… Core signals imported successfully
INFO 2025-10-21 13:27:45,317 apps 2012 140084648755328 âœ… Core signals imported successfully
INFO 2025-10-21 13:33:02,548 apps 2032 139797728796800 âœ… Core signals imported successfully
INFO 2025-10-21 13:37:46,336 apps 2165 140511161557120 âœ… Core signals imported successfully
INFO 2025-10-21 13:38:11,737 apps 2166 140351647780992 âœ… Core signals imported successfully
INFO 2025-10-21 13:38:12,725 autoreload 2166 140351647780992 Watching for file changes with StatReloader
INFO 2025-10-21 13:38:30,417 server 2166 140351577040576 HTTP/2 support not enabled (install the http2 and tls Twisted extras)
INFO 2025-10-21 13:38:30,418 server 2166 140351577040576 Configuring endpoint tcp:port=8000:interface=127.0.0.1
INFO 2025-10-21 13:38:30,426 server 2166 140351577040576 Listening on TCP address 127.0.0.1:8000
INFO 2025-10-21 13:39:36,345 runserver 2166 140351577040576 [mHTTP GET /students/7/delete/ 200 [1.44, 127.0.0.1:44080][0m
ERROR 2025-10-21 13:39:39,924 log 2166 140351090161344 Internal Server Error: /students/7/delete/
Traceback (most recent call last):
  File "/mnt/e/projects/school/venv/lib/python3.12/site-packages/asgiref/sync.py", line 489, in thread_handler
    raise exc_info[1]
  File "/mnt/e/projects/school/venv/lib/python3.12/site-packages/django/core/handlers/exception.py", line 42, in inner
    response = await get_response(request)
               ^^^^^^^^^^^^^^^^^^^^^^^^^^^
  File "/mnt/e/projects/school/venv/lib/python3.12/site-packages/asgiref/sync.py", line 489, in thread_handler
    raise exc_info[1]
  File "/mnt/e/projects/school/venv/lib/python3.12/site-packages/django/core/handlers/base.py", line 253, in _get_response_async
    response = await wrapped_callback(
               ^^^^^^^^^^^^^^^^^^^^^^^
  File "/mnt/e/projects/school/venv/lib/python3.12/site-packages/asgiref/sync.py", line 439, in __call__
    ret = await asyncio.shield(exec_coro)
          ^^^^^^^^^^^^^^^^^^^^^^^^^^^^^^^
  File "/mnt/e/projects/school/venv/lib/python3.12/site-packages/asgiref/current_thread_executor.py", line 40, in run
    result = self.fn(*self.args, **self.kwargs)
             ^^^^^^^^^^^^^^^^^^^^^^^^^^^^^^^^^^
  File "/mnt/e/projects/school/venv/lib/python3.12/site-packages/asgiref/sync.py", line 493, in thread_handler
    return func(*args, **kwargs)
           ^^^^^^^^^^^^^^^^^^^^^
  File "/mnt/e/projects/school/venv/lib/python3.12/site-packages/django/views/generic/base.py", line 105, in view
    return self.dispatch(request, *args, **kwargs)
           ^^^^^^^^^^^^^^^^^^^^^^^^^^^^^^^^^^^^^^^
  File "/mnt/e/projects/school/venv/lib/python3.12/site-packages/django/contrib/auth/mixins.py", line 73, in dispatch
    return super().dispatch(request, *args, **kwargs)
           ^^^^^^^^^^^^^^^^^^^^^^^^^^^^^^^^^^^^^^^^^^
  File "/mnt/e/projects/school/venv/lib/python3.12/site-packages/django/contrib/auth/mixins.py", line 135, in dispatch
    return super().dispatch(request, *args, **kwargs)
           ^^^^^^^^^^^^^^^^^^^^^^^^^^^^^^^^^^^^^^^^^^
  File "/mnt/e/projects/school/venv/lib/python3.12/site-packages/django/views/generic/base.py", line 144, in dispatch
    return handler(request, *args, **kwargs)
           ^^^^^^^^^^^^^^^^^^^^^^^^^^^^^^^^^
  File "/mnt/e/projects/school/venv/lib/python3.12/site-packages/django/views/generic/edit.py", line 258, in post
    return self.form_valid(form)
           ^^^^^^^^^^^^^^^^^^^^^
  File "/mnt/e/projects/school/venv/lib/python3.12/site-packages/django/views/generic/edit.py", line 264, in form_valid
    self.object.delete()
  File "/mnt/e/projects/school/venv/lib/python3.12/site-packages/django/db/models/base.py", line 1280, in delete
    collector.collect([self], keep_parents=keep_parents)
  File "/mnt/e/projects/school/venv/lib/python3.12/site-packages/django/db/models/deletion.py", line 350, in collect
    raise ProtectedError(
django.db.models.deletion.ProtectedError: ("Cannot delete some instances of model 'Student' because they are referenced through protected foreign keys: 'Fee.student'.", {<Fee: MOHAMMED  IDRISU (STU0005) - JHS 1 - Feeding Fees (2025/2026 Term 2)>, <Fee: MOHAMMED  IDRISU (STU0005) - JHS 1 - Books and Materials (2025/2026 Term 2)>, <Fee: MOHAMMED  IDRISU (STU0005) - JHS 1 - Admission Fees (2025/2026 Term 2)>})
ERROR 2025-10-21 13:39:40,078 runserver 2166 140351577040576 [35;1mHTTP POST /students/7/delete/ 500 [0.99, 127.0.0.1:44080][0m
INFO 2025-10-21 13:41:37,302 apps 2217 140547149226112 âœ… Core signals imported successfully
INFO 2025-10-21 13:48:40,570 apps 2290 140594259370112 âœ… Core signals imported successfully
INFO 2025-10-21 13:54:19,767 apps 2310 139801393660032 âœ… Core signals imported successfully
INFO 2025-10-21 13:59:03,623 apps 2425 140038088806528 âœ… Core signals imported successfully
INFO 2025-10-21 13:59:29,652 apps 2442 139983790137472 âœ… Core signals imported successfully
INFO 2025-10-21 13:59:30,621 autoreload 2442 139983790137472 Watching for file changes with StatReloader
INFO 2025-10-21 13:59:47,330 server 2442 139983720445632 HTTP/2 support not enabled (install the http2 and tls Twisted extras)
INFO 2025-10-21 13:59:47,331 server 2442 139983720445632 Configuring endpoint tcp:port=8000:interface=127.0.0.1
INFO 2025-10-21 13:59:47,333 server 2442 139983720445632 Listening on TCP address 127.0.0.1:8000
WARNING 2025-10-21 14:00:04,657 log 2442 139983237117632 Not Found: /students/7/delete/
WARNING 2025-10-21 14:00:04,660 runserver 2442 139983720445632 [33mHTTP GET /students/7/delete/ 404 [0.71, 127.0.0.1:48014][0m
INFO 2025-10-21 14:00:18,877 runserver 2442 139983720445632 [mHTTP GET /students/2/delete/ 200 [0.77, 127.0.0.1:48014][0m
INFO 2025-10-21 14:00:22,587 runserver 2442 139983720445632 [32mHTTP POST /students/2/delete/ 302 [0.34, 127.0.0.1:48014][0m
INFO 2025-10-21 14:00:24,248 runserver 2442 139983720445632 [mHTTP GET /students/ 200 [1.62, 127.0.0.1:48014][0m
INFO 2025-10-21 14:09:23,578 runserver 2442 139983720445632 [mHTTP GET /students/add/ 200 [0.48, 127.0.0.1:50980][0m
INFO 2025-10-21 14:13:17,722 runserver 2442 139983720445632 [32mHTTP POST /students/add/ 302 [5.03, 127.0.0.1:42826][0m
INFO 2025-10-21 14:13:17,753 runserver 2442 139983720445632 [mHTTP GET /students/ 200 [0.01, 127.0.0.1:42826][0m
INFO 2025-10-21 14:13:38,528 runserver 2442 139983720445632 [mHTTP GET /students/?class_level=P6 200 [0.32, 127.0.0.1:42826][0m
INFO 2025-10-21 14:13:38,696 runserver 2442 139983720445632 [mHTTP GET /media/students/STUD2025P6004.PNG 200 [0.05, 127.0.0.1:42826][0m
INFO 2025-10-21 14:15:01,084 runserver 2442 139983720445632 [mHTTP GET /students/?class_level=J1 200 [0.21, 127.0.0.1:56218][0m
INFO 2025-10-21 14:15:09,130 runserver 2442 139983720445632 [mHTTP GET /students/?class_level=J2 200 [1.35, 127.0.0.1:56218][0m
INFO 2025-10-21 14:16:04,212 runserver 2442 139983720445632 [mHTTP GET /admin-dashboard/ 200 [0.30, 127.0.0.1:56218][0m
INFO 2025-10-21 14:16:08,992 runserver 2442 139983720445632 [mHTTP GET /teachers/ 200 [0.18, 127.0.0.1:56218][0m
INFO 2025-10-21 14:16:19,250 runserver 2442 139983720445632 [mHTTP GET /teachers/add/ 200 [0.56, 127.0.0.1:56218][0m
INFO 2025-10-21 14:20:42,295 runserver 2442 139983720445632 [32mHTTP POST /teachers/add/ 302 [2.98, 127.0.0.1:50632][0m
INFO 2025-10-21 14:20:42,606 runserver 2442 139983720445632 [mHTTP GET /teachers/ 200 [0.29, 127.0.0.1:50632][0m
INFO 2025-10-21 14:21:03,642 runserver 2442 139983720445632 [32mHTTP GET /accounts/signout/ 302 [0.04, 127.0.0.1:50632][0m
INFO 2025-10-21 14:21:03,708 runserver 2442 139983720445632 [mHTTP GET / 200 [0.05, 127.0.0.1:50632][0m
INFO 2025-10-21 14:21:06,469 runserver 2442 139983720445632 [mHTTP GET /accounts/signin/ 200 [0.16, 127.0.0.1:50632][0m
INFO 2025-10-21 14:21:39,390 runserver 2442 139983720445632 [32mHTTP POST /accounts/signin/ 302 [1.94, 127.0.0.1:50632][0m
INFO 2025-10-21 14:21:39,458 runserver 2442 139983720445632 [32mHTTP GET / 302 [0.05, 127.0.0.1:50632][0m
INFO 2025-10-21 14:21:40,074 runserver 2442 139983720445632 [mHTTP GET /teacher-dashboard/ 200 [0.60, 127.0.0.1:50632][0m
INFO 2025-10-21 14:22:19,068 runserver 2442 139983720445632 [mHTTP GET /teacher-dashboard/ 200 [0.14, 127.0.0.1:50632][0m
INFO 2025-10-21 14:22:24,903 runserver 2442 139983720445632 [mHTTP GET /assignments/ 200 [0.09, 127.0.0.1:50632][0m
INFO 2025-10-21 14:22:29,178 runserver 2442 139983720445632 [mHTTP GET /attendance/ 200 [0.26, 127.0.0.1:50632][0m
INFO 2025-10-21 14:22:36,105 runserver 2442 139983720445632 [mHTTP GET /attendance/record/?class_level=P6 200 [0.08, 127.0.0.1:50632][0m
INFO 2025-10-21 14:22:45,177 runserver 2442 139983720445632 [mHTTP GET /attendance/ 200 [0.24, 127.0.0.1:50632][0m
INFO 2025-10-21 14:22:49,941 runserver 2442 139983720445632 [mHTTP GET /attendance/record/?class_level=P1 200 [0.06, 127.0.0.1:50632][0m
INFO 2025-10-21 14:22:58,649 runserver 2442 139983720445632 [32mHTTP GET /accounts/signout/ 302 [0.05, 127.0.0.1:50632][0m
INFO 2025-10-21 14:22:58,718 runserver 2442 139983720445632 [mHTTP GET / 200 [0.05, 127.0.0.1:50632][0m
INFO 2025-10-21 14:23:07,284 runserver 2442 139983720445632 [mHTTP GET /accounts/signin/ 200 [0.02, 127.0.0.1:50632][0m
INFO 2025-10-21 14:23:15,651 runserver 2442 139983720445632 [32mHTTP POST /accounts/signin/ 302 [2.01, 127.0.0.1:50632][0m
INFO 2025-10-21 14:23:15,685 runserver 2442 139983720445632 [32mHTTP GET / 302 [0.02, 127.0.0.1:50632][0m
INFO 2025-10-21 14:23:15,804 runserver 2442 139983720445632 [mHTTP GET /admin-dashboard/ 200 [0.11, 127.0.0.1:50632][0m
INFO 2025-10-21 14:23:46,115 runserver 2442 139983720445632 [mHTTP GET /subjects/ 200 [0.10, 127.0.0.1:50632][0m
INFO 2025-10-21 14:23:49,453 runserver 2442 139983720445632 [mHTTP GET /subjects/add/ 200 [0.08, 127.0.0.1:50632][0m
INFO 2025-10-21 14:24:26,599 runserver 2442 139983720445632 [32mHTTP POST /subjects/add/ 302 [0.32, 127.0.0.1:50632][0m
INFO 2025-10-21 14:24:26,799 runserver 2442 139983720445632 [mHTTP GET /subjects/ 200 [0.18, 127.0.0.1:50632][0m
INFO 2025-10-21 14:24:35,031 runserver 2442 139983720445632 [mHTTP GET /subjects/add/ 200 [0.08, 127.0.0.1:50632][0m
INFO 2025-10-21 14:24:56,866 runserver 2442 139983720445632 [mHTTP POST /subjects/add/ 200 [0.15, 127.0.0.1:50632][0m
INFO 2025-10-21 14:25:14,540 runserver 2442 139983720445632 [mHTTP GET /subjects/ 200 [0.10, 127.0.0.1:50632][0m
INFO 2025-10-21 14:25:30,485 runserver 2442 139983720445632 [mHTTP GET /admin-dashboard/ 200 [0.10, 127.0.0.1:50632][0m
INFO 2025-10-21 14:25:36,812 runserver 2442 139983720445632 [mHTTP GET /audit-logs/ 200 [0.15, 127.0.0.1:50632][0m
INFO 2025-10-21 14:26:00,731 runserver 2442 139983720445632 [mHTTP GET /class-assignments/ 200 [0.20, 127.0.0.1:50632][0m
INFO 2025-10-21 14:26:06,927 runserver 2442 139983720445632 [mHTTP GET /class-assignments/create/ 200 [0.13, 127.0.0.1:50632][0m
INFO 2025-10-21 14:26:37,120 runserver 2442 139983720445632 [mHTTP POST /class-assignments/create/ 200 [0.11, 127.0.0.1:50632][0m
INFO 2025-10-21 14:26:54,944 runserver 2442 139983720445632 [mHTTP POST /class-assignments/create/ 200 [0.16, 127.0.0.1:50632][0m
INFO 2025-10-21 14:27:08,354 runserver 2442 139983720445632 [32mHTTP POST /class-assignments/create/ 302 [0.22, 127.0.0.1:50632][0m
INFO 2025-10-21 14:27:08,489 runserver 2442 139983720445632 [mHTTP GET /class-assignments/ 200 [0.12, 127.0.0.1:50632][0m
INFO 2025-10-21 14:27:34,787 runserver 2442 139983720445632 [mHTTP GET /grades/ 200 [0.30, 127.0.0.1:50632][0m
INFO 2025-10-21 14:27:50,343 runserver 2442 139983720445632 [mHTTP GET /grades/?student=&subject=&class_level=&academic_year=&term=3 200 [0.14, 127.0.0.1:50632][0m
INFO 2025-10-21 14:28:07,425 runserver 2442 139983720445632 [mHTTP GET /grades/?student=&subject=&class_level=P6&academic_year=&term=3 200 [0.17, 127.0.0.1:50632][0m
INFO 2025-10-21 14:28:11,381 runserver 2442 139983720445632 [mHTTP GET /grades/?student=&subject=&class_level=P3&academic_year=&term=3 200 [0.23, 127.0.0.1:50632][0m
INFO 2025-10-21 14:28:15,545 runserver 2442 139983720445632 [mHTTP GET /grades/?student=&subject=&class_level=P2&academic_year=&term=3 200 [0.13, 127.0.0.1:50632][0m
INFO 2025-10-21 14:28:19,406 runserver 2442 139983720445632 [mHTTP GET /grades/?student=&subject=&class_level=P1&academic_year=&term=3 200 [0.13, 127.0.0.1:50632][0m
INFO 2025-10-21 14:28:23,131 runserver 2442 139983720445632 [mHTTP GET /grades/?student=&subject=&class_level=P6&academic_year=&term=3 200 [0.14, 127.0.0.1:50632][0m
INFO 2025-10-21 14:28:26,005 runserver 2442 139983720445632 [mHTTP GET /grades/?student=&subject=&class_level=J1&academic_year=&term=3 200 [0.11, 127.0.0.1:50632][0m
INFO 2025-10-21 14:28:30,755 runserver 2442 139983720445632 [mHTTP GET /grades/?student=&subject=&class_level=J1&academic_year=&term=2 200 [0.11, 127.0.0.1:50632][0m
INFO 2025-10-21 14:28:33,153 runserver 2442 139983720445632 [mHTTP GET /grades/?student=&subject=&class_level=P1&academic_year=&term=2 200 [0.11, 127.0.0.1:50632][0m
INFO 2025-10-21 14:28:35,899 runserver 2442 139983720445632 [mHTTP GET /grades/?student=&subject=&class_level=P1&academic_year=&term=2 200 [0.12, 127.0.0.1:50632][0m
INFO 2025-10-21 14:28:38,919 runserver 2442 139983720445632 [mHTTP GET /grades/?student=&subject=&class_level=P6&academic_year=&term=2 200 [0.14, 127.0.0.1:50632][0m
INFO 2025-10-21 14:28:46,516 runserver 2442 139983720445632 [mHTTP GET /report-cards/ 200 [0.11, 127.0.0.1:50632][0m
INFO 2025-10-21 14:29:03,527 runserver 2442 139983720445632 [mHTTP GET /report-card/10/3/ 200 [0.19, 127.0.0.1:50632][0m
WARNING 2025-10-21 14:29:03,740 runserver 2442 139983720445632 [33mHTTP GET /static/img/school-logo.png 404 [0.14, 127.0.0.1:50632][0m
INFO 2025-10-21 14:30:13,119 runserver 2442 139983720445632 [mHTTP GET /grades/add/ 200 [0.22, 127.0.0.1:39012][0m
INFO 2025-10-21 14:30:38,659 runserver 2442 139983720445632 [mHTTP GET /subjects/ 200 [0.10, 127.0.0.1:39012][0m
INFO 2025-10-21 14:30:44,272 runserver 2442 139983720445632 [mHTTP GET /subjects/add/ 200 [0.05, 127.0.0.1:39012][0m
INFO 2025-10-21 14:31:10,770 runserver 2442 139983720445632 [mHTTP GET /timetable/ 200 [0.26, 127.0.0.1:39012][0m
ERROR 2025-10-21 14:31:22,025 log 2442 139983237117632 Internal Server Error: /timetable/3/delete/
Traceback (most recent call last):
  File "/mnt/e/projects/school/venv/lib/python3.12/site-packages/asgiref/sync.py", line 489, in thread_handler
    raise exc_info[1]
  File "/mnt/e/projects/school/venv/lib/python3.12/site-packages/django/core/handlers/exception.py", line 42, in inner
    response = await get_response(request)
               ^^^^^^^^^^^^^^^^^^^^^^^^^^^
  File "/mnt/e/projects/school/venv/lib/python3.12/site-packages/asgiref/sync.py", line 489, in thread_handler
    raise exc_info[1]
  File "/mnt/e/projects/school/venv/lib/python3.12/site-packages/django/core/handlers/base.py", line 284, in _get_response_async
    response = await sync_to_async(
               ^^^^^^^^^^^^^^^^^^^^
  File "/mnt/e/projects/school/venv/lib/python3.12/site-packages/asgiref/sync.py", line 439, in __call__
    ret = await asyncio.shield(exec_coro)
          ^^^^^^^^^^^^^^^^^^^^^^^^^^^^^^^
  File "/mnt/e/projects/school/venv/lib/python3.12/site-packages/asgiref/current_thread_executor.py", line 40, in run
    result = self.fn(*self.args, **self.kwargs)
             ^^^^^^^^^^^^^^^^^^^^^^^^^^^^^^^^^^
  File "/mnt/e/projects/school/venv/lib/python3.12/site-packages/asgiref/sync.py", line 493, in thread_handler
    return func(*args, **kwargs)
           ^^^^^^^^^^^^^^^^^^^^^
  File "/mnt/e/projects/school/venv/lib/python3.12/site-packages/django/template/response.py", line 114, in render
    self.content = self.rendered_content
                   ^^^^^^^^^^^^^^^^^^^^^
  File "/mnt/e/projects/school/venv/lib/python3.12/site-packages/django/template/response.py", line 92, in rendered_content
    return template.render(context, self._request)
           ^^^^^^^^^^^^^^^^^^^^^^^^^^^^^^^^^^^^^^^
  File "/mnt/e/projects/school/venv/lib/python3.12/site-packages/django/template/backends/django.py", line 107, in render
    return self.template.render(context)
           ^^^^^^^^^^^^^^^^^^^^^^^^^^^^^
  File "/mnt/e/projects/school/venv/lib/python3.12/site-packages/django/template/base.py", line 171, in render
    return self._render(context)
           ^^^^^^^^^^^^^^^^^^^^^
  File "/mnt/e/projects/school/venv/lib/python3.12/site-packages/django/template/base.py", line 163, in _render
    return self.nodelist.render(context)
           ^^^^^^^^^^^^^^^^^^^^^^^^^^^^^
  File "/mnt/e/projects/school/venv/lib/python3.12/site-packages/django/template/base.py", line 1016, in render
    return SafeString("".join([node.render_annotated(context) for node in self]))
                               ^^^^^^^^^^^^^^^^^^^^^^^^^^^^^^
  File "/mnt/e/projects/school/venv/lib/python3.12/site-packages/django/template/base.py", line 977, in render_annotated
    return self.render(context)
           ^^^^^^^^^^^^^^^^^^^^
  File "/mnt/e/projects/school/venv/lib/python3.12/site-packages/django/template/loader_tags.py", line 159, in render
    return compiled_parent._render(context)
           ^^^^^^^^^^^^^^^^^^^^^^^^^^^^^^^^
  File "/mnt/e/projects/school/venv/lib/python3.12/site-packages/django/template/base.py", line 163, in _render
    return self.nodelist.render(context)
           ^^^^^^^^^^^^^^^^^^^^^^^^^^^^^
  File "/mnt/e/projects/school/venv/lib/python3.12/site-packages/django/template/base.py", line 1016, in render
    return SafeString("".join([node.render_annotated(context) for node in self]))
                               ^^^^^^^^^^^^^^^^^^^^^^^^^^^^^^
  File "/mnt/e/projects/school/venv/lib/python3.12/site-packages/django/template/base.py", line 977, in render_annotated
    return self.render(context)
           ^^^^^^^^^^^^^^^^^^^^
  File "/mnt/e/projects/school/venv/lib/python3.12/site-packages/django/template/loader_tags.py", line 65, in render
    result = block.nodelist.render(context)
             ^^^^^^^^^^^^^^^^^^^^^^^^^^^^^^
  File "/mnt/e/projects/school/venv/lib/python3.12/site-packages/django/template/base.py", line 1016, in render
    return SafeString("".join([node.render_annotated(context) for node in self]))
                               ^^^^^^^^^^^^^^^^^^^^^^^^^^^^^^
  File "/mnt/e/projects/school/venv/lib/python3.12/site-packages/django/template/base.py", line 977, in render_annotated
    return self.render(context)
           ^^^^^^^^^^^^^^^^^^^^
  File "/mnt/e/projects/school/venv/lib/python3.12/site-packages/django/template/defaulttags.py", line 480, in render
    url = reverse(view_name, args=args, kwargs=kwargs, current_app=current_app)
          ^^^^^^^^^^^^^^^^^^^^^^^^^^^^^^^^^^^^^^^^^^^^^^^^^^^^^^^^^^^^^^^^^^^^^
  File "/mnt/e/projects/school/venv/lib/python3.12/site-packages/django/urls/base.py", line 98, in reverse
    resolved_url = resolver._reverse_with_prefix(view, prefix, *args, **kwargs)
                   ^^^^^^^^^^^^^^^^^^^^^^^^^^^^^^^^^^^^^^^^^^^^^^^^^^^^^^^^^^^^
  File "/mnt/e/projects/school/venv/lib/python3.12/site-packages/django/urls/resolvers.py", line 831, in _reverse_with_prefix
    raise NoReverseMatch(msg)
django.urls.exceptions.NoReverseMatch: Reverse for 'timetable_update' not found. 'timetable_update' is not a valid view function or pattern name.
ERROR 2025-10-21 14:31:22,186 runserver 2442 139983720445632 [35;1mHTTP GET /timetable/3/delete/ 500 [0.58, 127.0.0.1:39012][0m
INFO 2025-10-21 14:45:58,466 runserver 2442 139983720445632 [mHTTP GET /timetable/3/ 200 [0.20, 127.0.0.1:57060][0m
INFO 2025-10-21 14:46:10,493 runserver 2442 139983720445632 [mHTTP GET /timetable/3/delete/ 200 [0.11, 127.0.0.1:57060][0m
INFO 2025-10-21 14:46:28,002 runserver 2442 139983720445632 [32mHTTP POST /timetable/3/delete/ 302 [0.19, 127.0.0.1:57060][0m
INFO 2025-10-21 14:46:28,166 runserver 2442 139983720445632 [mHTTP GET /timetable/ 200 [0.15, 127.0.0.1:57060][0m
INFO 2025-10-21 14:46:38,650 runserver 2442 139983720445632 [mHTTP GET /timetable/6/delete/ 200 [0.10, 127.0.0.1:57060][0m
INFO 2025-10-21 14:46:46,323 runserver 2442 139983720445632 [32mHTTP POST /timetable/6/delete/ 302 [0.23, 127.0.0.1:57060][0m
INFO 2025-10-21 14:46:46,411 runserver 2442 139983720445632 [mHTTP GET /timetable/ 200 [0.08, 127.0.0.1:57060][0m
INFO 2025-10-21 14:46:52,722 runserver 2442 139983720445632 [mHTTP GET /timetable/create/ 200 [0.24, 127.0.0.1:57060][0m
INFO 2025-10-21 14:47:08,947 runserver 2442 139983720445632 [32mHTTP POST /timetable/create/ 302 [0.28, 127.0.0.1:57060][0m
INFO 2025-10-21 14:47:09,105 runserver 2442 139983720445632 [mHTTP GET /timetable/8/manage/ 200 [0.14, 127.0.0.1:57060][0m
INFO 2025-10-21 14:47:14,592 runserver 2442 139983720445632 [mHTTP GET /timetable/8/ 200 [0.07, 127.0.0.1:57060][0m
INFO 2025-10-21 14:47:19,617 runserver 2442 139983720445632 [mHTTP GET /timetable/8/manage/ 200 [0.10, 127.0.0.1:57060][0m
INFO 2025-10-21 14:48:57,252 runserver 2442 139983720445632 [32mHTTP POST /timetable/8/manage/ 302 [0.15, 127.0.0.1:50380][0m
INFO 2025-10-21 14:48:57,332 runserver 2442 139983720445632 [mHTTP GET /timetable/8/ 200 [0.07, 127.0.0.1:50380][0m
INFO 2025-10-21 14:49:29,878 runserver 2442 139983720445632 [mHTTP GET /parent-directory/ 200 [0.16, 127.0.0.1:50380][0m
INFO 2025-10-21 14:49:34,193 runserver 2442 139983720445632 [mHTTP GET /bulk-parent-message/ 200 [0.12, 127.0.0.1:50380][0m
INFO 2025-10-21 14:50:15,158 runserver 2442 139983720445632 [32mHTTP POST /bulk-parent-message/ 302 [2.07, 127.0.0.1:50380][0m
INFO 2025-10-21 14:50:15,484 runserver 2442 139983720445632 [mHTTP GET /parent-communication-log/ 200 [0.31, 127.0.0.1:50380][0m
INFO 2025-10-21 14:50:19,640 runserver 2442 139983720445632 [mHTTP GET /bulk-parent-message/ 200 [0.11, 127.0.0.1:50380][0m
INFO 2025-10-21 14:50:23,569 runserver 2442 139983720445632 [mHTTP GET /parent-communication-log/ 200 [0.31, 127.0.0.1:50380][0m
INFO 2025-10-21 14:50:26,964 runserver 2442 139983720445632 [mHTTP GET /parent-engagement-dashboard/ 200 [0.20, 127.0.0.1:50380][0m
INFO 2025-10-21 14:50:49,635 runserver 2442 139983720445632 [mHTTP GET /students/ 200 [0.14, 127.0.0.1:50380][0m
INFO 2025-10-21 14:50:51,262 runserver 2442 139983720445632 [36mHTTP GET /media/students/STUD2025P6003.jpg 304 [0.02, 127.0.0.1:50380][0m
INFO 2025-10-21 14:50:51,324 runserver 2442 139983720445632 [36mHTTP GET /media/students/STUD2025P6004.PNG 304 [0.03, 127.0.0.1:50380][0m
INFO 2025-10-21 14:50:54,466 runserver 2442 139983720445632 [mHTTP GET /analytics/ 200 [1.17, 127.0.0.1:50380][0m
INFO 2025-10-21 14:51:03,032 runserver 2442 139983720445632 [mHTTP GET /admin-dashboard/ 200 [0.14, 127.0.0.1:50380][0m
INFO 2025-10-21 15:15:01,512 apps 3073 140412926087296 âœ… Core signals imported successfully
INFO 2025-10-21 15:31:05,447 apps 3420 140644765614208 âœ… Core signals imported successfully
INFO 2025-10-21 15:33:13,846 apps 3451 139748866179200 âœ… Core signals imported successfully
INFO 2025-10-21 15:33:43,393 apps 3452 140579289030784 âœ… Core signals imported successfully
INFO 2025-10-21 15:34:17,218 apps 3491 140598488678528 âœ… Core signals imported successfully
INFO 2025-10-21 15:35:04,236 apps 3506 139819313057920 âœ… Core signals imported successfully
INFO 2025-10-21 15:39:53,497 apps 3526 140350196068480 âœ… Core signals imported successfully
INFO 2025-10-21 16:07:38,385 apps 4068 140000946798720 âœ… Core signals imported successfully
INFO 2025-10-21 16:08:04,557 apps 4079 139752860467328 âœ… Core signals imported successfully
INFO 2025-10-21 16:08:05,552 autoreload 4079 139752860467328 Watching for file changes with StatReloader
INFO 2025-10-21 16:08:25,815 server 4079 139752789726912 HTTP/2 support not enabled (install the http2 and tls Twisted extras)
INFO 2025-10-21 16:08:25,816 server 4079 139752789726912 Configuring endpoint tcp:port=8000:interface=127.0.0.1
INFO 2025-10-21 16:08:25,831 server 4079 139752789726912 Listening on TCP address 127.0.0.1:8000
INFO 2025-10-21 16:09:25,619 runserver 4079 139752789726912 [32mHTTP GET / 302 [0.81, 127.0.0.1:44870][0m
INFO 2025-10-21 16:09:26,540 runserver 4079 139752789726912 [mHTTP GET /admin-dashboard/ 200 [0.91, 127.0.0.1:44870][0m
WARNING 2025-10-21 16:09:29,269 log 4079 139752301803200 Not Found: /favicon.ico
WARNING 2025-10-21 16:09:29,272 runserver 4079 139752789726912 [33mHTTP GET /favicon.ico 404 [0.13, 127.0.0.1:44870][0m
INFO 2025-10-21 16:09:42,212 runserver 4079 139752789726912 [mHTTP GET /assignments/ 200 [0.22, 127.0.0.1:44870][0m
INFO 2025-10-21 16:09:49,817 runserver 4079 139752789726912 [mHTTP GET /assignments/13/ 200 [0.28, 127.0.0.1:44870][0m
INFO 2025-10-21 16:09:51,719 runserver 4079 139752789726912 [mHTTP GET /assignments/grade/student-assignment/25/ 200 [0.19, 127.0.0.1:44870][0m
INFO 2025-10-21 16:09:51,853 runserver 4079 139752789726912 [mHTTP GET /assignments/grade/25/ 200 [0.27, 127.0.0.1:50762][0m
INFO 2025-10-21 19:02:24,955 apps 485 140002046595200 âœ… Core signals imported successfully
INFO 2025-10-21 19:02:52,449 apps 486 140403474948224 âœ… Core signals imported successfully
INFO 2025-10-21 19:02:53,552 autoreload 486 140403474948224 Watching for file changes with StatReloader
INFO 2025-10-21 19:03:44,392 server 486 140403405256384 HTTP/2 support not enabled (install the http2 and tls Twisted extras)
INFO 2025-10-21 19:03:44,393 server 486 140403405256384 Configuring endpoint tcp:port=8000:interface=127.0.0.1
INFO 2025-10-21 19:03:44,397 server 486 140403405256384 Listening on TCP address 127.0.0.1:8000
INFO 2025-10-21 19:05:14,381 runserver 486 140403405256384 [32mHTTP GET / 302 [1.22, 127.0.0.1:53654][0m
INFO 2025-10-21 19:05:18,289 runserver 486 140403405256384 [mHTTP GET /admin-dashboard/ 200 [3.64, 127.0.0.1:53654][0m
WARNING 2025-10-21 19:05:25,004 log 486 140402916992704 Not Found: /favicon.ico
WARNING 2025-10-21 19:05:25,007 runserver 486 140403405256384 [33mHTTP GET /favicon.ico 404 [0.12, 127.0.0.1:53654][0m
INFO 2025-10-21 19:12:10,252 apps 534 140540483776640 âœ… Core signals imported successfully
INFO 2025-10-22 13:08:29,257 apps 878 140400291987584 âœ… Core signals imported successfully
INFO 2025-10-22 13:08:57,560 apps 879 140026543358080 âœ… Core signals imported successfully
INFO 2025-10-22 13:08:58,720 autoreload 879 140026543358080 Watching for file changes with StatReloader
INFO 2025-10-22 13:09:46,027 server 879 140026472617664 HTTP/2 support not enabled (install the http2 and tls Twisted extras)
INFO 2025-10-22 13:09:46,028 server 879 140026472617664 Configuring endpoint tcp:port=8000:interface=127.0.0.1
INFO 2025-10-22 13:09:46,065 server 879 140026472617664 Listening on TCP address 127.0.0.1:8000
INFO 2025-10-22 13:26:53,000 runserver 879 140026472617664 [32mHTTP GET / 302 [11.54, 127.0.0.1:57786][0m
INFO 2025-10-22 13:27:01,618 runserver 879 140026472617664 [mHTTP GET /admin-dashboard/ 200 [8.44, 127.0.0.1:57786][0m
WARNING 2025-10-22 13:27:09,045 log 879 140025985464000 Not Found: /favicon.ico
WARNING 2025-10-22 13:27:09,047 runserver 879 140026472617664 [33mHTTP GET /favicon.ico 404 [0.24, 127.0.0.1:57786][0m
INFO 2025-10-22 13:46:14,238 autoreload 879 140026543358080 /mnt/e/projects/school/core/models.py changed, reloading.
INFO 2025-10-22 13:47:37,146 apps 1028 139714468278400 âœ… Core signals imported successfully
INFO 2025-10-22 13:47:39,263 autoreload 1028 139714468278400 Watching for file changes with StatReloader
INFO 2025-10-22 16:04:45,581 apps 2527 140532960948352 âœ… Core signals imported successfully
INFO 2025-10-22 16:08:45,927 apps 2661 139800206016640 âœ… Core signals imported successfully
INFO 2025-10-22 16:17:24,039 apps 2926 140236064923776 âœ… Core signals imported successfully
INFO 2025-10-22 16:49:25,586 apps 3449 140213136105600 âœ… Core signals imported successfully
INFO 2025-10-22 17:01:00,446 apps 3592 139908666790016 âœ… Core signals imported successfully
INFO 2025-10-22 17:07:03,110 apps 3737 139720018886784 âœ… Core signals imported successfully
INFO 2025-10-22 17:09:53,362 apps 3768 140145417314432 âœ… Core signals imported successfully
INFO 2025-10-22 17:12:05,875 apps 3798 139791488151680 âœ… Core signals imported successfully
INFO 2025-10-22 17:12:24,924 apps 3813 140027481927808 âœ… Core signals imported successfully
INFO 2025-10-22 17:12:25,683 autoreload 3813 140027481927808 Watching for file changes with StatReloader
INFO 2025-10-22 17:12:41,699 server 3813 140027411187392 HTTP/2 support not enabled (install the http2 and tls Twisted extras)
INFO 2025-10-22 17:12:41,700 server 3813 140027411187392 Configuring endpoint tcp:port=8000:interface=127.0.0.1
INFO 2025-10-22 17:12:41,807 server 3813 140027411187392 Listening on TCP address 127.0.0.1:8000
INFO 2025-10-22 17:13:09,124 runserver 3813 140027411187392 [32mHTTP GET / 302 [7.88, 127.0.0.1:40104][0m
INFO 2025-10-22 17:13:17,218 runserver 3813 140027411187392 [mHTTP GET /admin-dashboard/ 200 [8.09, 127.0.0.1:40104][0m
ERROR 2025-10-22 17:13:37,171 announcement_views 3813 140026936526528 Failed to get active announcements: 'CustomUser' object has no attribute 'is_teacher'
INFO 2025-10-22 17:13:37,175 runserver 3813 140027411187392 [mHTTP GET /announcements/active/ 200 [0.14, 127.0.0.1:40104][0m
ERROR 2025-10-22 17:13:52,165 log 3813 140026924988096 Internal Server Error: /announcements/
Traceback (most recent call last):
  File "/mnt/e/projects/school/venv/lib/python3.12/site-packages/asgiref/sync.py", line 489, in thread_handler
    raise exc_info[1]
  File "/mnt/e/projects/school/venv/lib/python3.12/site-packages/django/core/handlers/exception.py", line 42, in inner
    response = await get_response(request)
               ^^^^^^^^^^^^^^^^^^^^^^^^^^^
  File "/mnt/e/projects/school/venv/lib/python3.12/site-packages/asgiref/sync.py", line 489, in thread_handler
    raise exc_info[1]
  File "/mnt/e/projects/school/venv/lib/python3.12/site-packages/django/core/handlers/base.py", line 253, in _get_response_async
    response = await wrapped_callback(
               ^^^^^^^^^^^^^^^^^^^^^^^
  File "/mnt/e/projects/school/venv/lib/python3.12/site-packages/asgiref/sync.py", line 439, in __call__
    ret = await asyncio.shield(exec_coro)
          ^^^^^^^^^^^^^^^^^^^^^^^^^^^^^^^
  File "/mnt/e/projects/school/venv/lib/python3.12/site-packages/asgiref/current_thread_executor.py", line 40, in run
    result = self.fn(*self.args, **self.kwargs)
             ^^^^^^^^^^^^^^^^^^^^^^^^^^^^^^^^^^
  File "/mnt/e/projects/school/venv/lib/python3.12/site-packages/asgiref/sync.py", line 493, in thread_handler
    return func(*args, **kwargs)
           ^^^^^^^^^^^^^^^^^^^^^
  File "/mnt/e/projects/school/venv/lib/python3.12/site-packages/django/views/generic/base.py", line 105, in view
    return self.dispatch(request, *args, **kwargs)
           ^^^^^^^^^^^^^^^^^^^^^^^^^^^^^^^^^^^^^^^
  File "/mnt/e/projects/school/venv/lib/python3.12/site-packages/django/contrib/auth/mixins.py", line 73, in dispatch
    return super().dispatch(request, *args, **kwargs)
           ^^^^^^^^^^^^^^^^^^^^^^^^^^^^^^^^^^^^^^^^^^
  File "/mnt/e/projects/school/venv/lib/python3.12/site-packages/django/contrib/auth/mixins.py", line 135, in dispatch
    return super().dispatch(request, *args, **kwargs)
           ^^^^^^^^^^^^^^^^^^^^^^^^^^^^^^^^^^^^^^^^^^
  File "/mnt/e/projects/school/venv/lib/python3.12/site-packages/django/views/generic/base.py", line 144, in dispatch
    return handler(request, *args, **kwargs)
           ^^^^^^^^^^^^^^^^^^^^^^^^^^^^^^^^^
  File "/mnt/e/projects/school/venv/lib/python3.12/site-packages/django/views/generic/list.py", line 178, in get
    context = self.get_context_data()
              ^^^^^^^^^^^^^^^^^^^^^^^
  File "/mnt/e/projects/school/core/views/announcement_views.py", line 68, in get_context_data
    context['active_count'] = announcements.filter(is_active=True).count()
                              ^^^^^^^^^^^^^^^^^^^^^^^^^^^^^^^^^^^^
  File "/mnt/e/projects/school/venv/lib/python3.12/site-packages/django/db/models/query.py", line 1493, in filter
    return self._filter_or_exclude(False, args, kwargs)
           ^^^^^^^^^^^^^^^^^^^^^^^^^^^^^^^^^^^^^^^^^^^^
  File "/mnt/e/projects/school/venv/lib/python3.12/site-packages/django/db/models/query.py", line 1505, in _filter_or_exclude
    raise TypeError("Cannot filter a query once a slice has been taken.")
TypeError: Cannot filter a query once a slice has been taken.
ERROR 2025-10-22 17:13:52,490 runserver 3813 140027411187392 [35;1mHTTP GET /announcements/ 500 [1.34, 127.0.0.1:40104][0m
INFO 2025-10-22 17:14:00,049 runserver 3813 140027411187392 [mHTTP GET /announcements/create/ 200 [0.18, 127.0.0.1:40104][0m
ERROR 2025-10-22 17:14:01,582 announcement_views 3813 140026936526528 Failed to get active announcements: 'CustomUser' object has no attribute 'is_teacher'
INFO 2025-10-22 17:14:01,587 runserver 3813 140027411187392 [mHTTP GET /announcements/active/ 200 [0.06, 127.0.0.1:40104][0m
