INFO 2025-11-17 19:59:57,457 core.apps âœ… Core signals imported successfully
ðŸ”§ DEVELOPMENT MODE: Debugging and development tools enabled
âœ… Settings loaded - Environment: development, Debug: True
âœ… Database: django.db.backends.mysql
âœ… Allowed Hosts: ['localhost', '127.0.0.1', '::1']
âœ… Timezone patch applied successfully
Performing system checks...

Traceback (most recent call last):
  File "/mnt/e/projects/school/venv/lib/python3.12/site-packages/django/core/checks/urls.py", line 136, in check_custom_error_handlers
    handler = resolver.resolve_error_handler(status_code)
              ^^^^^^^^^^^^^^^^^^^^^^^^^^^^^^^^^^^^^^^^^^^
  File "/mnt/e/projects/school/venv/lib/python3.12/site-packages/django/urls/resolvers.py", line 732, in resolve_error_handler
    callback = getattr(self.urlconf_module, "handler%s" % view_type, None)
                       ^^^^^^^^^^^^^^^^^^^
  File "/mnt/e/projects/school/venv/lib/python3.12/site-packages/django/utils/functional.py", line 47, in __get__
    res = instance.__dict__[self.name] = self.func(instance)
                                         ^^^^^^^^^^^^^^^^^^^
  File "/mnt/e/projects/school/venv/lib/python3.12/site-packages/django/urls/resolvers.py", line 711, in urlconf_module
    return import_module(self.urlconf_name)
           ^^^^^^^^^^^^^^^^^^^^^^^^^^^^^^^^
  File "/usr/lib/python3.12/importlib/__init__.py", line 90, in import_module
    return _bootstrap._gcd_import(name[level:], package, level)
           ^^^^^^^^^^^^^^^^^^^^^^^^^^^^^^^^^^^^^^^^^^^^^^^^^^^^
  File "<frozen importlib._bootstrap>", line 1387, in _gcd_import
  File "<frozen importlib._bootstrap>", line 1360, in _find_and_load
  File "<frozen importlib._bootstrap>", line 1331, in _find_and_load_unlocked
  File "<frozen importlib._bootstrap>", line 935, in _load_unlocked
  File "<frozen importlib._bootstrap_external>", line 995, in exec_module
  File "<frozen importlib._bootstrap>", line 488, in _call_with_frames_removed
  File "/mnt/e/projects/school/school_mgt_system/urls.py", line 19, in <module>
    path('', include('core.urls')),
             ^^^^^^^^^^^^^^^^^^^^
  File "/mnt/e/projects/school/venv/lib/python3.12/site-packages/django/urls/conf.py", line 39, in include
    urlconf_module = import_module(urlconf_module)
                     ^^^^^^^^^^^^^^^^^^^^^^^^^^^^^
  File "/usr/lib/python3.12/importlib/__init__.py", line 90, in import_module
    return _bootstrap._gcd_import(name[level:], package, level)
           ^^^^^^^^^^^^^^^^^^^^^^^^^^^^^^^^^^^^^^^^^^^^^^^^^^^^
  File "<frozen importlib._bootstrap>", line 1387, in _gcd_import
  File "<frozen importlib._bootstrap>", line 1360, in _find_and_load
  File "<frozen importlib._bootstrap>", line 1331, in _find_and_load_unlocked
  File "<frozen importlib._bootstrap>", line 935, in _load_unlocked
  File "<frozen importlib._bootstrap_external>", line 995, in exec_module
  File "<frozen importlib._bootstrap>", line 488, in _call_with_frames_removed
  File "/mnt/e/projects/school/core/urls.py", line 5, in <module>
    from .views.network_views import NetworkHealthView
  File "/mnt/e/projects/school/core/views/network_views.py", line 5, in <module>
    import psutil
ModuleNotFoundError: No module named 'psutil'

During handling of the above exception, another exception occurred:

Traceback (most recent call last):
  File "/mnt/e/projects/school/manage.py", line 22, in <module>
    main()
  File "/mnt/e/projects/school/manage.py", line 18, in main
    execute_from_command_line(sys.argv)
  File "/mnt/e/projects/school/venv/lib/python3.12/site-packages/django/core/management/__init__.py", line 442, in execute_from_command_line
    utility.execute()
  File "/mnt/e/projects/school/venv/lib/python3.12/site-packages/django/core/management/__init__.py", line 436, in execute
    self.fetch_command(subcommand).run_from_argv(self.argv)
  File "/mnt/e/projects/school/venv/lib/python3.12/site-packages/django/core/management/base.py", line 416, in run_from_argv
    self.execute(*args, **cmd_options)
  File "/mnt/e/projects/school/venv/lib/python3.12/site-packages/django/core/management/commands/runserver.py", line 69, in execute
    super().execute(*args, **options)
  File "/mnt/e/projects/school/venv/lib/python3.12/site-packages/django/core/management/base.py", line 460, in execute
    output = self.handle(*args, **options)
             ^^^^^^^^^^^^^^^^^^^^^^^^^^^^^
  File "/mnt/e/projects/school/venv/lib/python3.12/site-packages/daphne/management/commands/runserver.py", line 99, in handle
    super().handle(*args, **options)
  File "/mnt/e/projects/school/venv/lib/python3.12/site-packages/django/core/management/commands/runserver.py", line 110, in handle
    self.run(**options)
  File "/mnt/e/projects/school/venv/lib/python3.12/site-packages/django/core/management/commands/runserver.py", line 119, in run
    self.inner_run(None, **options)
  File "/mnt/e/projects/school/venv/lib/python3.12/site-packages/daphne/management/commands/runserver.py", line 109, in inner_run
    self.check(display_num_errors=True)
  File "/mnt/e/projects/school/venv/lib/python3.12/site-packages/django/core/management/base.py", line 492, in check
    all_issues = checks.run_checks(
                 ^^^^^^^^^^^^^^^^^^
  File "/mnt/e/projects/school/venv/lib/python3.12/site-packages/django/core/checks/registry.py", line 89, in run_checks
    new_errors = check(app_configs=app_configs, databases=databases)
                 ^^^^^^^^^^^^^^^^^^^^^^^^^^^^^^^^^^^^^^^^^^^^^^^^^^^
  File "/mnt/e/projects/school/venv/lib/python3.12/site-packages/django/core/checks/urls.py", line 138, in check_custom_error_handlers
    path = getattr(resolver.urlconf_module, "handler%s" % status_code)
                   ^^^^^^^^^^^^^^^^^^^^^^^
  File "/mnt/e/projects/school/venv/lib/python3.12/site-packages/django/utils/functional.py", line 47, in __get__
    res = instance.__dict__[self.name] = self.func(instance)
                                         ^^^^^^^^^^^^^^^^^^^
  File "/mnt/e/projects/school/venv/lib/python3.12/site-packages/django/urls/resolvers.py", line 711, in urlconf_module
    return import_module(self.urlconf_name)
           ^^^^^^^^^^^^^^^^^^^^^^^^^^^^^^^^
  File "/usr/lib/python3.12/importlib/__init__.py", line 90, in import_module
    return _bootstrap._gcd_import(name[level:], package, level)
           ^^^^^^^^^^^^^^^^^^^^^^^^^^^^^^^^^^^^^^^^^^^^^^^^^^^^
  File "<frozen importlib._bootstrap>", line 1387, in _gcd_import
  File "<frozen importlib._bootstrap>", line 1360, in _find_and_load
  File "<frozen importlib._bootstrap>", line 1331, in _find_and_load_unlocked
  File "<frozen importlib._bootstrap>", line 935, in _load_unlocked
  File "<frozen importlib._bootstrap_external>", line 995, in exec_module
  File "<frozen importlib._bootstrap>", line 488, in _call_with_frames_removed
  File "/mnt/e/projects/school/school_mgt_system/urls.py", line 19, in <module>
    path('', include('core.urls')),
             ^^^^^^^^^^^^^^^^^^^^
  File "/mnt/e/projects/school/venv/lib/python3.12/site-packages/django/urls/conf.py", line 39, in include
    urlconf_module = import_module(urlconf_module)
                     ^^^^^^^^^^^^^^^^^^^^^^^^^^^^^
  File "/usr/lib/python3.12/importlib/__init__.py", line 90, in import_module
    return _bootstrap._gcd_import(name[level:], package, level)
           ^^^^^^^^^^^^^^^^^^^^^^^^^^^^^^^^^^^^^^^^^^^^^^^^^^^^
  File "<frozen importlib._bootstrap>", line 1387, in _gcd_import
  File "<frozen importlib._bootstrap>", line 1360, in _find_and_load
  File "<frozen importlib._bootstrap>", line 1331, in _find_and_load_unlocked
  File "<frozen importlib._bootstrap>", line 935, in _load_unlocked
  File "<frozen importlib._bootstrap_external>", line 995, in exec_module
  File "<frozen importlib._bootstrap>", line 488, in _call_with_frames_removed
  File "/mnt/e/projects/school/core/urls.py", line 5, in <module>
    from .views.network_views import NetworkHealthView
  File "/mnt/e/projects/school/core/views/network_views.py", line 5, in <module>
    import psutil
ModuleNotFoundError: No module named 'psutil'
